
*** Running vivado
    with args -log axis_data_fifo_0.vds -m64 -product Vivado -mode batch -messageDb vivado.pb -notrace -source axis_data_fifo_0.tcl



****** Vivado v2022.1 (64-bit)
  **** SW Build 3526262 on Mon Apr 18 15:48:16 MDT 2022
  **** IP Build 3524634 on Mon Apr 18 20:55:01 MDT 2022
    ** Copyright 1986-2022 Xilinx, Inc. All Rights Reserved.

source axis_data_fifo_0.tcl -notrace
INFO: [IP_Flow 19-234] Refreshing IP repositories
INFO: [IP_Flow 19-1700] Loaded user IP repository 'e:/Accelerator/ip_package_rtl/CNN_Control'.
INFO: [IP_Flow 19-1700] Loaded user IP repository 'e:/Accelerator/IP_design/CNN_Control/CNN_Control_1.0'.
WARNING: [IP_Flow 19-2248] Failed to load user IP repository 'e:/Accelerator/ip_repo/myip_1.0'; Can't find the specified path.
If this directory should no longer be in your list of user repositories, go to the IP Settings dialog and remove it.
INFO: [IP_Flow 19-1700] Loaded user IP repository 'e:/Accelerator/IP_design/Windows_Data_Convert_1.0'.
WARNING: [IP_Flow 19-2248] Failed to load user IP repository 'e:/Accelerator/ip_repo/Accelerator_Control_1.0'; Can't find the specified path.
If this directory should no longer be in your list of user repositories, go to the IP Settings dialog and remove it.
INFO: [IP_Flow 19-1700] Loaded user IP repository 'f:/Digital_IC_design/dpu_ip'.
INFO: [IP_Flow 19-2313] Loaded Vivado IP repository 'F:/Xilinx/Vivado/2022.1/data/ip'.
Command: synth_design -top axis_data_fifo_0 -part xc7z020clg400-1 -incremental_mode off -mode out_of_context
Starting synth_design
Attempting to get a license for feature 'Synthesis' and/or device 'xc7z020'
INFO: [Common 17-349] Got license for feature 'Synthesis' and/or device 'xc7z020'
INFO: [Device 21-403] Loading part xc7z020clg400-1
INFO: [Synth 8-7079] Multithreading enabled for synth_design using a maximum of 2 processes.
INFO: [Synth 8-7078] Launching helper process for spawning children vivado processes
INFO: [Synth 8-7075] Helper process launched with PID 51552
WARNING: [Synth 8-9501] generate block is allowed only inside loop and conditional generate in SystemVerilog mode [F:/Xilinx/Vivado/2022.1/data/ip/xpm/xpm_fifo/hdl/xpm_fifo.sv:4023]
---------------------------------------------------------------------------------
Starting RTL Elaboration : Time (s): cpu = 00:00:05 ; elapsed = 00:00:06 . Memory (MB): peak = 1309.730 ; gain = 0.000
---------------------------------------------------------------------------------
INFO: [Synth 8-6157] synthesizing module 'axis_data_fifo_0' [e:/Accelerator/Accelerator_Test_Windows/Accelerator.gen/sources_1/ip/axis_data_fifo_0/synth/axis_data_fifo_0.v:53]
INFO: [Synth 8-6157] synthesizing module 'axis_data_fifo_v2_0_8_top' [e:/Accelerator/Accelerator_Test_Windows/Accelerator.gen/sources_1/ip/axis_data_fifo_0/hdl/axis_data_fifo_v2_0_vl_rfs.v:54]
INFO: [Synth 8-6157] synthesizing module 'axis_infrastructure_v1_1_0_util_aclken_converter_wrapper' [e:/Accelerator/Accelerator_Test_Windows/Accelerator.gen/sources_1/ip/axis_data_fifo_0/hdl/axis_infrastructure_v1_1_vl_rfs.v:599]
INFO: [Synth 8-6157] synthesizing module 'axis_infrastructure_v1_1_0_util_axis2vector' [e:/Accelerator/Accelerator_Test_Windows/Accelerator.gen/sources_1/ip/axis_data_fifo_0/hdl/axis_infrastructure_v1_1_vl_rfs.v:809]
INFO: [Synth 8-6155] done synthesizing module 'axis_infrastructure_v1_1_0_util_axis2vector' (0#1) [e:/Accelerator/Accelerator_Test_Windows/Accelerator.gen/sources_1/ip/axis_data_fifo_0/hdl/axis_infrastructure_v1_1_vl_rfs.v:809]
INFO: [Synth 8-6157] synthesizing module 'axis_infrastructure_v1_1_0_util_vector2axis' [e:/Accelerator/Accelerator_Test_Windows/Accelerator.gen/sources_1/ip/axis_data_fifo_0/hdl/axis_infrastructure_v1_1_vl_rfs.v:991]
INFO: [Synth 8-6155] done synthesizing module 'axis_infrastructure_v1_1_0_util_vector2axis' (0#1) [e:/Accelerator/Accelerator_Test_Windows/Accelerator.gen/sources_1/ip/axis_data_fifo_0/hdl/axis_infrastructure_v1_1_vl_rfs.v:991]
INFO: [Synth 8-6155] done synthesizing module 'axis_infrastructure_v1_1_0_util_aclken_converter_wrapper' (0#1) [e:/Accelerator/Accelerator_Test_Windows/Accelerator.gen/sources_1/ip/axis_data_fifo_0/hdl/axis_infrastructure_v1_1_vl_rfs.v:599]
INFO: [Synth 8-6157] synthesizing module 'xpm_fifo_axis' [F:/Xilinx/Vivado/2022.1/data/ip/xpm/xpm_fifo/hdl/xpm_fifo.sv:2342]
INFO: [Synth 8-6157] synthesizing module 'xpm_cdc_sync_rst' [F:/Xilinx/Vivado/2022.1/data/ip/xpm/xpm_cdc/hdl/xpm_cdc.sv:1058]
INFO: [Synth 8-6155] done synthesizing module 'xpm_cdc_sync_rst' (0#1) [F:/Xilinx/Vivado/2022.1/data/ip/xpm/xpm_cdc/hdl/xpm_cdc.sv:1058]
INFO: [Synth 8-6157] synthesizing module 'xpm_fifo_base' [F:/Xilinx/Vivado/2022.1/data/ip/xpm/xpm_fifo/hdl/xpm_fifo.sv:55]
INFO: [Synth 8-6157] synthesizing module 'xpm_memory_base' [F:/Xilinx/Vivado/2022.1/data/ip/xpm/xpm_memory/hdl/xpm_memory.sv:56]
INFO: [Synth 8-6059] Synth Info: [XPM_MEMORY 20-1] MEMORY_PRIMITIVE (0) instructs Vivado Synthesis to choose the memory primitive type. Depending on their values, other XPM_MEMORY parameters may preclude the choice of certain memory primitive types. Review XPM_MEMORY documentation and parameter values to understand any limitations, or set MEMORY_PRIMITIVE to a different value.   [F:/Xilinx/Vivado/2022.1/data/ip/xpm/xpm_memory/hdl/xpm_memory.sv:493]
INFO: [Synth 8-6155] done synthesizing module 'xpm_memory_base' (0#1) [F:/Xilinx/Vivado/2022.1/data/ip/xpm/xpm_memory/hdl/xpm_memory.sv:56]
INFO: [Synth 8-226] default block is never used [F:/Xilinx/Vivado/2022.1/data/ip/xpm/xpm_fifo/hdl/xpm_fifo.sv:1206]
INFO: [Synth 8-226] default block is never used [F:/Xilinx/Vivado/2022.1/data/ip/xpm/xpm_fifo/hdl/xpm_fifo.sv:1273]
INFO: [Synth 8-226] default block is never used [F:/Xilinx/Vivado/2022.1/data/ip/xpm/xpm_fifo/hdl/xpm_fifo.sv:1295]
INFO: [Synth 8-6157] synthesizing module 'xpm_fifo_reg_bit' [F:/Xilinx/Vivado/2022.1/data/ip/xpm/xpm_fifo/hdl/xpm_fifo.sv:1906]
INFO: [Synth 8-6155] done synthesizing module 'xpm_fifo_reg_bit' (0#1) [F:/Xilinx/Vivado/2022.1/data/ip/xpm/xpm_fifo/hdl/xpm_fifo.sv:1906]
INFO: [Synth 8-6157] synthesizing module 'xpm_counter_updn' [F:/Xilinx/Vivado/2022.1/data/ip/xpm/xpm_fifo/hdl/xpm_fifo.sv:1858]
INFO: [Synth 8-6155] done synthesizing module 'xpm_counter_updn' (0#1) [F:/Xilinx/Vivado/2022.1/data/ip/xpm/xpm_fifo/hdl/xpm_fifo.sv:1858]
INFO: [Synth 8-6157] synthesizing module 'xpm_fifo_rst' [F:/Xilinx/Vivado/2022.1/data/ip/xpm/xpm_fifo/hdl/xpm_fifo.sv:1618]
INFO: [Synth 8-6155] done synthesizing module 'xpm_fifo_rst' (0#1) [F:/Xilinx/Vivado/2022.1/data/ip/xpm/xpm_fifo/hdl/xpm_fifo.sv:1618]
INFO: [Synth 8-6157] synthesizing module 'xpm_counter_updn__parameterized0' [F:/Xilinx/Vivado/2022.1/data/ip/xpm/xpm_fifo/hdl/xpm_fifo.sv:1858]
INFO: [Synth 8-6155] done synthesizing module 'xpm_counter_updn__parameterized0' (0#1) [F:/Xilinx/Vivado/2022.1/data/ip/xpm/xpm_fifo/hdl/xpm_fifo.sv:1858]
INFO: [Synth 8-6157] synthesizing module 'xpm_counter_updn__parameterized1' [F:/Xilinx/Vivado/2022.1/data/ip/xpm/xpm_fifo/hdl/xpm_fifo.sv:1858]
INFO: [Synth 8-6155] done synthesizing module 'xpm_counter_updn__parameterized1' (0#1) [F:/Xilinx/Vivado/2022.1/data/ip/xpm/xpm_fifo/hdl/xpm_fifo.sv:1858]
INFO: [Synth 8-6157] synthesizing module 'xpm_counter_updn__parameterized2' [F:/Xilinx/Vivado/2022.1/data/ip/xpm/xpm_fifo/hdl/xpm_fifo.sv:1858]
INFO: [Synth 8-6155] done synthesizing module 'xpm_counter_updn__parameterized2' (0#1) [F:/Xilinx/Vivado/2022.1/data/ip/xpm/xpm_fifo/hdl/xpm_fifo.sv:1858]
INFO: [Synth 8-6155] done synthesizing module 'xpm_fifo_base' (0#1) [F:/Xilinx/Vivado/2022.1/data/ip/xpm/xpm_fifo/hdl/xpm_fifo.sv:55]
INFO: [Synth 8-6155] done synthesizing module 'xpm_fifo_axis' (0#1) [F:/Xilinx/Vivado/2022.1/data/ip/xpm/xpm_fifo/hdl/xpm_fifo.sv:2342]
INFO: [Synth 8-6155] done synthesizing module 'axis_data_fifo_v2_0_8_top' (0#1) [e:/Accelerator/Accelerator_Test_Windows/Accelerator.gen/sources_1/ip/axis_data_fifo_0/hdl/axis_data_fifo_v2_0_vl_rfs.v:54]
INFO: [Synth 8-6155] done synthesizing module 'axis_data_fifo_0' (0#1) [e:/Accelerator/Accelerator_Test_Windows/Accelerator.gen/sources_1/ip/axis_data_fifo_0/synth/axis_data_fifo_0.v:53]
WARNING: [Synth 8-6014] Unused sequential element gen_rd_b.gen_doutb_pipe.enb_pipe_reg[0] was removed.  [F:/Xilinx/Vivado/2022.1/data/ip/xpm/xpm_memory/hdl/xpm_memory.sv:3017]
WARNING: [Synth 8-6014] Unused sequential element gdvld.data_valid_std_reg was removed.  [F:/Xilinx/Vivado/2022.1/data/ip/xpm/xpm_fifo/hdl/xpm_fifo.sv:537]
WARNING: [Synth 8-6014] Unused sequential element gen_fwft.empty_fwft_fb_reg was removed.  [F:/Xilinx/Vivado/2022.1/data/ip/xpm/xpm_fifo/hdl/xpm_fifo.sv:1390]
WARNING: [Synth 8-7129] Port ACLK in module axis_infrastructure_v1_1_0_util_aclken_converter_wrapper is either unconnected or has no load
WARNING: [Synth 8-7129] Port ARESETN in module axis_infrastructure_v1_1_0_util_aclken_converter_wrapper is either unconnected or has no load
WARNING: [Synth 8-7129] Port S_ACLKEN in module axis_infrastructure_v1_1_0_util_aclken_converter_wrapper is either unconnected or has no load
WARNING: [Synth 8-7129] Port M_ACLKEN in module axis_infrastructure_v1_1_0_util_aclken_converter_wrapper is either unconnected or has no load
WARNING: [Synth 8-7129] Port rd_clk in module xpm_fifo_rst is either unconnected or has no load
WARNING: [Synth 8-7129] Port sleep in module xpm_memory_base is either unconnected or has no load
WARNING: [Synth 8-7129] Port rsta in module xpm_memory_base is either unconnected or has no load
WARNING: [Synth 8-7129] Port regcea in module xpm_memory_base is either unconnected or has no load
WARNING: [Synth 8-7129] Port injectsbiterra in module xpm_memory_base is either unconnected or has no load
WARNING: [Synth 8-7129] Port injectdbiterra in module xpm_memory_base is either unconnected or has no load
WARNING: [Synth 8-7129] Port clkb in module xpm_memory_base is either unconnected or has no load
WARNING: [Synth 8-7129] Port dinb[163] in module xpm_memory_base is either unconnected or has no load
WARNING: [Synth 8-7129] Port dinb[162] in module xpm_memory_base is either unconnected or has no load
WARNING: [Synth 8-7129] Port dinb[161] in module xpm_memory_base is either unconnected or has no load
WARNING: [Synth 8-7129] Port dinb[160] in module xpm_memory_base is either unconnected or has no load
WARNING: [Synth 8-7129] Port dinb[159] in module xpm_memory_base is either unconnected or has no load
WARNING: [Synth 8-7129] Port dinb[158] in module xpm_memory_base is either unconnected or has no load
WARNING: [Synth 8-7129] Port dinb[157] in module xpm_memory_base is either unconnected or has no load
WARNING: [Synth 8-7129] Port dinb[156] in module xpm_memory_base is either unconnected or has no load
WARNING: [Synth 8-7129] Port dinb[155] in module xpm_memory_base is either unconnected or has no load
WARNING: [Synth 8-7129] Port dinb[154] in module xpm_memory_base is either unconnected or has no load
WARNING: [Synth 8-7129] Port dinb[153] in module xpm_memory_base is either unconnected or has no load
WARNING: [Synth 8-7129] Port dinb[152] in module xpm_memory_base is either unconnected or has no load
WARNING: [Synth 8-7129] Port dinb[151] in module xpm_memory_base is either unconnected or has no load
WARNING: [Synth 8-7129] Port dinb[150] in module xpm_memory_base is either unconnected or has no load
WARNING: [Synth 8-7129] Port dinb[149] in module xpm_memory_base is either unconnected or has no load
WARNING: [Synth 8-7129] Port dinb[148] in module xpm_memory_base is either unconnected or has no load
WARNING: [Synth 8-7129] Port dinb[147] in module xpm_memory_base is either unconnected or has no load
WARNING: [Synth 8-7129] Port dinb[146] in module xpm_memory_base is either unconnected or has no load
WARNING: [Synth 8-7129] Port dinb[145] in module xpm_memory_base is either unconnected or has no load
WARNING: [Synth 8-7129] Port dinb[144] in module xpm_memory_base is either unconnected or has no load
WARNING: [Synth 8-7129] Port dinb[143] in module xpm_memory_base is either unconnected or has no load
WARNING: [Synth 8-7129] Port dinb[142] in module xpm_memory_base is either unconnected or has no load
WARNING: [Synth 8-7129] Port dinb[141] in module xpm_memory_base is either unconnected or has no load
WARNING: [Synth 8-7129] Port dinb[140] in module xpm_memory_base is either unconnected or has no load
WARNING: [Synth 8-7129] Port dinb[139] in module xpm_memory_base is either unconnected or has no load
WARNING: [Synth 8-7129] Port dinb[138] in module xpm_memory_base is either unconnected or has no load
WARNING: [Synth 8-7129] Port dinb[137] in module xpm_memory_base is either unconnected or has no load
WARNING: [Synth 8-7129] Port dinb[136] in module xpm_memory_base is either unconnected or has no load
WARNING: [Synth 8-7129] Port dinb[135] in module xpm_memory_base is either unconnected or has no load
WARNING: [Synth 8-7129] Port dinb[134] in module xpm_memory_base is either unconnected or has no load
WARNING: [Synth 8-7129] Port dinb[133] in module xpm_memory_base is either unconnected or has no load
WARNING: [Synth 8-7129] Port dinb[132] in module xpm_memory_base is either unconnected or has no load
WARNING: [Synth 8-7129] Port dinb[131] in module xpm_memory_base is either unconnected or has no load
WARNING: [Synth 8-7129] Port dinb[130] in module xpm_memory_base is either unconnected or has no load
WARNING: [Synth 8-7129] Port dinb[129] in module xpm_memory_base is either unconnected or has no load
WARNING: [Synth 8-7129] Port dinb[128] in module xpm_memory_base is either unconnected or has no load
WARNING: [Synth 8-7129] Port dinb[127] in module xpm_memory_base is either unconnected or has no load
WARNING: [Synth 8-7129] Port dinb[126] in module xpm_memory_base is either unconnected or has no load
WARNING: [Synth 8-7129] Port dinb[125] in module xpm_memory_base is either unconnected or has no load
WARNING: [Synth 8-7129] Port dinb[124] in module xpm_memory_base is either unconnected or has no load
WARNING: [Synth 8-7129] Port dinb[123] in module xpm_memory_base is either unconnected or has no load
WARNING: [Synth 8-7129] Port dinb[122] in module xpm_memory_base is either unconnected or has no load
WARNING: [Synth 8-7129] Port dinb[121] in module xpm_memory_base is either unconnected or has no load
WARNING: [Synth 8-7129] Port dinb[120] in module xpm_memory_base is either unconnected or has no load
WARNING: [Synth 8-7129] Port dinb[119] in module xpm_memory_base is either unconnected or has no load
WARNING: [Synth 8-7129] Port dinb[118] in module xpm_memory_base is either unconnected or has no load
WARNING: [Synth 8-7129] Port dinb[117] in module xpm_memory_base is either unconnected or has no load
WARNING: [Synth 8-7129] Port dinb[116] in module xpm_memory_base is either unconnected or has no load
WARNING: [Synth 8-7129] Port dinb[115] in module xpm_memory_base is either unconnected or has no load
WARNING: [Synth 8-7129] Port dinb[114] in module xpm_memory_base is either unconnected or has no load
WARNING: [Synth 8-7129] Port dinb[113] in module xpm_memory_base is either unconnected or has no load
WARNING: [Synth 8-7129] Port dinb[112] in module xpm_memory_base is either unconnected or has no load
WARNING: [Synth 8-7129] Port dinb[111] in module xpm_memory_base is either unconnected or has no load
WARNING: [Synth 8-7129] Port dinb[110] in module xpm_memory_base is either unconnected or has no load
WARNING: [Synth 8-7129] Port dinb[109] in module xpm_memory_base is either unconnected or has no load
WARNING: [Synth 8-7129] Port dinb[108] in module xpm_memory_base is either unconnected or has no load
WARNING: [Synth 8-7129] Port dinb[107] in module xpm_memory_base is either unconnected or has no load
WARNING: [Synth 8-7129] Port dinb[106] in module xpm_memory_base is either unconnected or has no load
WARNING: [Synth 8-7129] Port dinb[105] in module xpm_memory_base is either unconnected or has no load
WARNING: [Synth 8-7129] Port dinb[104] in module xpm_memory_base is either unconnected or has no load
WARNING: [Synth 8-7129] Port dinb[103] in module xpm_memory_base is either unconnected or has no load
WARNING: [Synth 8-7129] Port dinb[102] in module xpm_memory_base is either unconnected or has no load
WARNING: [Synth 8-7129] Port dinb[101] in module xpm_memory_base is either unconnected or has no load
WARNING: [Synth 8-7129] Port dinb[100] in module xpm_memory_base is either unconnected or has no load
WARNING: [Synth 8-7129] Port dinb[99] in module xpm_memory_base is either unconnected or has no load
WARNING: [Synth 8-7129] Port dinb[98] in module xpm_memory_base is either unconnected or has no load
WARNING: [Synth 8-7129] Port dinb[97] in module xpm_memory_base is either unconnected or has no load
WARNING: [Synth 8-7129] Port dinb[96] in module xpm_memory_base is either unconnected or has no load
WARNING: [Synth 8-7129] Port dinb[95] in module xpm_memory_base is either unconnected or has no load
WARNING: [Synth 8-7129] Port dinb[94] in module xpm_memory_base is either unconnected or has no load
WARNING: [Synth 8-7129] Port dinb[93] in module xpm_memory_base is either unconnected or has no load
WARNING: [Synth 8-7129] Port dinb[92] in module xpm_memory_base is either unconnected or has no load
WARNING: [Synth 8-7129] Port dinb[91] in module xpm_memory_base is either unconnected or has no load
WARNING: [Synth 8-7129] Port dinb[90] in module xpm_memory_base is either unconnected or has no load
WARNING: [Synth 8-7129] Port dinb[89] in module xpm_memory_base is either unconnected or has no load
WARNING: [Synth 8-7129] Port dinb[88] in module xpm_memory_base is either unconnected or has no load
WARNING: [Synth 8-7129] Port dinb[87] in module xpm_memory_base is either unconnected or has no load
WARNING: [Synth 8-7129] Port dinb[86] in module xpm_memory_base is either unconnected or has no load
WARNING: [Synth 8-7129] Port dinb[85] in module xpm_memory_base is either unconnected or has no load
WARNING: [Synth 8-7129] Port dinb[84] in module xpm_memory_base is either unconnected or has no load
WARNING: [Synth 8-7129] Port dinb[83] in module xpm_memory_base is either unconnected or has no load
WARNING: [Synth 8-7129] Port dinb[82] in module xpm_memory_base is either unconnected or has no load
WARNING: [Synth 8-7129] Port dinb[81] in module xpm_memory_base is either unconnected or has no load
WARNING: [Synth 8-7129] Port dinb[80] in module xpm_memory_base is either unconnected or has no load
WARNING: [Synth 8-7129] Port dinb[79] in module xpm_memory_base is either unconnected or has no load
WARNING: [Synth 8-7129] Port dinb[78] in module xpm_memory_base is either unconnected or has no load
WARNING: [Synth 8-7129] Port dinb[77] in module xpm_memory_base is either unconnected or has no load
WARNING: [Synth 8-7129] Port dinb[76] in module xpm_memory_base is either unconnected or has no load
WARNING: [Synth 8-7129] Port dinb[75] in module xpm_memory_base is either unconnected or has no load
INFO: [Common 17-14] Message 'Synth 8-7129' appears 100 times and further instances of the messages will be disabled. Use the Tcl command set_msg_config to change the current settings.
---------------------------------------------------------------------------------
Finished RTL Elaboration : Time (s): cpu = 00:00:06 ; elapsed = 00:00:08 . Memory (MB): peak = 1309.730 ; gain = 0.000
---------------------------------------------------------------------------------
---------------------------------------------------------------------------------
Start Handling Custom Attributes
---------------------------------------------------------------------------------
---------------------------------------------------------------------------------
Finished Handling Custom Attributes : Time (s): cpu = 00:00:06 ; elapsed = 00:00:08 . Memory (MB): peak = 1309.730 ; gain = 0.000
---------------------------------------------------------------------------------
---------------------------------------------------------------------------------
Finished RTL Optimization Phase 1 : Time (s): cpu = 00:00:06 ; elapsed = 00:00:08 . Memory (MB): peak = 1309.730 ; gain = 0.000
---------------------------------------------------------------------------------
Netlist sorting complete. Time (s): cpu = 00:00:00 ; elapsed = 00:00:00.020 . Memory (MB): peak = 1309.730 ; gain = 0.000
INFO: [Project 1-570] Preparing netlist for logic optimization

Processing XDC Constraints
Initializing timing engine
Parsing XDC File [e:/Accelerator/Accelerator_Test_Windows/Accelerator.gen/sources_1/ip/axis_data_fifo_0/axis_data_fifo_0_ooc.xdc] for cell 'inst'
Finished Parsing XDC File [e:/Accelerator/Accelerator_Test_Windows/Accelerator.gen/sources_1/ip/axis_data_fifo_0/axis_data_fifo_0_ooc.xdc] for cell 'inst'
Parsing XDC File [E:/Accelerator/Accelerator_Test_Windows/Accelerator.runs/axis_data_fifo_0_synth_1/dont_touch.xdc]
Finished Parsing XDC File [E:/Accelerator/Accelerator_Test_Windows/Accelerator.runs/axis_data_fifo_0_synth_1/dont_touch.xdc]
INFO: [Project 1-236] Implementation specific constraints were found while reading constraint file [F:/Xilinx/Vivado/2022.1/data/ip/xpm/xpm_fifo/tcl/xpm_fifo_rst_axis.tcl]. These constraints will be ignored for synthesis but will be used in implementation. Impacted constraints are listed in the file [.Xil/axis_data_fifo_0_propImpl.xdc].
Resolution: To avoid this warning, move constraints listed in [.Xil/axis_data_fifo_0_propImpl.xdc] to another XDC file and exclude this new file from synthesis with the used_in_synthesis property (File Properties dialog in GUI) and re-run elaboration/synthesis.
INFO: [Project 1-1714] 2 XPM XDC files have been applied to the design.
Completed Processing XDC Constraints

Netlist sorting complete. Time (s): cpu = 00:00:00 ; elapsed = 00:00:00 . Memory (MB): peak = 1377.355 ; gain = 0.000
INFO: [Project 1-111] Unisim Transformation Summary:
No Unisim elements were transformed.

Constraint Validation Runtime : Time (s): cpu = 00:00:00 ; elapsed = 00:00:00.025 . Memory (MB): peak = 1378.820 ; gain = 1.465
INFO: [Designutils 20-5008] Incremental synthesis strategy off
---------------------------------------------------------------------------------
Finished Constraint Validation : Time (s): cpu = 00:00:14 ; elapsed = 00:00:15 . Memory (MB): peak = 1378.820 ; gain = 69.090
---------------------------------------------------------------------------------
---------------------------------------------------------------------------------
Start Loading Part and Timing Information
---------------------------------------------------------------------------------
Loading part: xc7z020clg400-1
---------------------------------------------------------------------------------
Finished Loading Part and Timing Information : Time (s): cpu = 00:00:14 ; elapsed = 00:00:15 . Memory (MB): peak = 1378.820 ; gain = 69.090
---------------------------------------------------------------------------------
---------------------------------------------------------------------------------
Start Applying 'set_property' XDC Constraints
---------------------------------------------------------------------------------
Applied set_property KEEP_HIERARCHY = SOFT for inst. (constraint file  E:/Accelerator/Accelerator_Test_Windows/Accelerator.runs/axis_data_fifo_0_synth_1/dont_touch.xdc, line 9).
Applied set_property KEEP_HIERARCHY = SOFT for inst/\gen_fifo.xpm_fifo_axis_inst /\gaxis_rst_sync.xpm_cdc_sync_rst_inst . (constraint file  auto generated constraint).
Applied set_property KEEP_HIERARCHY = SOFT for inst/\gen_fifo.xpm_fifo_axis_inst . (constraint file  auto generated constraint).
---------------------------------------------------------------------------------
Finished applying 'set_property' XDC Constraints : Time (s): cpu = 00:00:14 ; elapsed = 00:00:15 . Memory (MB): peak = 1378.820 ; gain = 69.090
---------------------------------------------------------------------------------
INFO: [Synth 8-802] inferred FSM for state register 'gen_fwft.curr_fwft_state_reg' in module 'xpm_fifo_base'
---------------------------------------------------------------------------------------------------
                   State |                     New Encoding |                Previous Encoding 
---------------------------------------------------------------------------------------------------
                 invalid |                               00 |                               00
            stage1_valid |                               01 |                               10
       both_stages_valid |                               10 |                               11
            stage2_valid |                               11 |                               01
---------------------------------------------------------------------------------------------------
INFO: [Synth 8-3354] encoded FSM with state register 'gen_fwft.curr_fwft_state_reg' using encoding 'sequential' in module 'xpm_fifo_base'
---------------------------------------------------------------------------------
Finished RTL Optimization Phase 2 : Time (s): cpu = 00:00:14 ; elapsed = 00:00:16 . Memory (MB): peak = 1378.820 ; gain = 69.090
---------------------------------------------------------------------------------
---------------------------------------------------------------------------------
Start RTL Component Statistics 
---------------------------------------------------------------------------------
Detailed RTL Component Info : 
+---Adders : 
	   4 Input    9 Bit       Adders := 2     
	   4 Input    8 Bit       Adders := 3     
	   4 Input    2 Bit       Adders := 1     
+---Registers : 
	              164 Bit    Registers := 2     
	                9 Bit    Registers := 2     
	                8 Bit    Registers := 3     
	                4 Bit    Registers := 1     
	                3 Bit    Registers := 1     
	                2 Bit    Registers := 2     
	                1 Bit    Registers := 10    
+---RAMs : 
	              41K Bit	(256 X 164 bit)          RAMs := 1     
+---Muxes : 
	   2 Input    2 Bit        Muxes := 31    
	   4 Input    2 Bit        Muxes := 7     
	   4 Input    1 Bit        Muxes := 2     
	   2 Input    1 Bit        Muxes := 4     
---------------------------------------------------------------------------------
Finished RTL Component Statistics 
---------------------------------------------------------------------------------
---------------------------------------------------------------------------------
Start Part Resource Summary
---------------------------------------------------------------------------------
Part Resources:
DSPs: 220 (col length:60)
BRAMs: 280 (col length: RAMB18 60 RAMB36 30)
---------------------------------------------------------------------------------
Finished Part Resource Summary
---------------------------------------------------------------------------------
---------------------------------------------------------------------------------
Start Cross Boundary and Area Optimization
---------------------------------------------------------------------------------
WARNING: [Synth 8-7080] Parallel synthesis criteria is not met
INFO: [Synth 8-5784] Optimized 3 bits of RAM "gen_wr_a.gen_word_narrow.mem_reg" due to constant propagation. Old ram width 164 bits, new ram width 161 bits.
---------------------------------------------------------------------------------
Finished Cross Boundary and Area Optimization : Time (s): cpu = 00:00:16 ; elapsed = 00:00:18 . Memory (MB): peak = 1378.820 ; gain = 69.090
---------------------------------------------------------------------------------
---------------------------------------------------------------------------------
Start ROM, RAM, DSP, Shift Register and Retiming Reporting
---------------------------------------------------------------------------------

Block RAM: Preliminary Mapping Report (see note below)
+----------------------------------------------------------------------------------------+----------------------------------+------------------------+---+---+------------------------+---+---+------------------+--------+--------+
|Module Name                                                                             | RTL Object                       | PORT A (Depth x Width) | W | R | PORT B (Depth x Width) | W | R | Ports driving FF | RAMB18 | RAMB36 | 
+----------------------------------------------------------------------------------------+----------------------------------+------------------------+---+---+------------------------+---+---+------------------+--------+--------+
|inst/\gen_fifo.xpm_fifo_axis_inst /xpm_fifo_base_inst/\gen_sdpram.xpm_memory_base_inst  | gen_wr_a.gen_word_narrow.mem_reg | 256 x 164(READ_FIRST)  | W |   | 256 x 164(WRITE_FIRST) |   | R | Port A and B     | 1      | 2      | 
+----------------------------------------------------------------------------------------+----------------------------------+------------------------+---+---+------------------------+---+---+------------------+--------+--------+

Note: The table above is a preliminary report that shows the Block RAMs at the current stage of the synthesis flow. Some Block RAMs may be reimplemented as non Block RAM primitives later in the synthesis flow. Multiple instantiated Block RAMs are reported only once. 
---------------------------------------------------------------------------------
Finished ROM, RAM, DSP, Shift Register and Retiming Reporting
---------------------------------------------------------------------------------
---------------------------------------------------------------------------------
Start Applying XDC Timing Constraints
---------------------------------------------------------------------------------
---------------------------------------------------------------------------------
Finished Applying XDC Timing Constraints : Time (s): cpu = 00:00:22 ; elapsed = 00:00:24 . Memory (MB): peak = 1378.820 ; gain = 69.090
---------------------------------------------------------------------------------
---------------------------------------------------------------------------------
Start Timing Optimization
---------------------------------------------------------------------------------
---------------------------------------------------------------------------------
Finished Timing Optimization : Time (s): cpu = 00:00:22 ; elapsed = 00:00:24 . Memory (MB): peak = 1378.820 ; gain = 69.090
---------------------------------------------------------------------------------
---------------------------------------------------------------------------------
Start ROM, RAM, DSP, Shift Register and Retiming Reporting
---------------------------------------------------------------------------------

Block RAM: Final Mapping Report
+----------------------------------------------------------------------------------------+----------------------------------+------------------------+---+---+------------------------+---+---+------------------+--------+--------+
|Module Name                                                                             | RTL Object                       | PORT A (Depth x Width) | W | R | PORT B (Depth x Width) | W | R | Ports driving FF | RAMB18 | RAMB36 | 
+----------------------------------------------------------------------------------------+----------------------------------+------------------------+---+---+------------------------+---+---+------------------+--------+--------+
|inst/\gen_fifo.xpm_fifo_axis_inst /xpm_fifo_base_inst/\gen_sdpram.xpm_memory_base_inst  | gen_wr_a.gen_word_narrow.mem_reg | 256 x 164(READ_FIRST)  | W |   | 256 x 164(WRITE_FIRST) |   | R | Port A and B     | 1      | 2      | 
+----------------------------------------------------------------------------------------+----------------------------------+------------------------+---+---+------------------------+---+---+------------------+--------+--------+

---------------------------------------------------------------------------------
Finished ROM, RAM, DSP, Shift Register and Retiming Reporting
---------------------------------------------------------------------------------
---------------------------------------------------------------------------------
Start Technology Mapping
---------------------------------------------------------------------------------
---------------------------------------------------------------------------------
Finished Technology Mapping : Time (s): cpu = 00:00:22 ; elapsed = 00:00:24 . Memory (MB): peak = 1378.820 ; gain = 69.090
---------------------------------------------------------------------------------
---------------------------------------------------------------------------------
Start IO Insertion
---------------------------------------------------------------------------------
---------------------------------------------------------------------------------
Start Flattening Before IO Insertion
---------------------------------------------------------------------------------
---------------------------------------------------------------------------------
Finished Flattening Before IO Insertion
---------------------------------------------------------------------------------
---------------------------------------------------------------------------------
Start Final Netlist Cleanup
---------------------------------------------------------------------------------
---------------------------------------------------------------------------------
Finished Final Netlist Cleanup
---------------------------------------------------------------------------------
---------------------------------------------------------------------------------
Finished IO Insertion : Time (s): cpu = 00:00:26 ; elapsed = 00:00:29 . Memory (MB): peak = 1378.820 ; gain = 69.090
---------------------------------------------------------------------------------
---------------------------------------------------------------------------------
Start Renaming Generated Instances
---------------------------------------------------------------------------------
---------------------------------------------------------------------------------
Finished Renaming Generated Instances : Time (s): cpu = 00:00:26 ; elapsed = 00:00:29 . Memory (MB): peak = 1378.820 ; gain = 69.090
---------------------------------------------------------------------------------
---------------------------------------------------------------------------------
Start Rebuilding User Hierarchy
---------------------------------------------------------------------------------
---------------------------------------------------------------------------------
Finished Rebuilding User Hierarchy : Time (s): cpu = 00:00:26 ; elapsed = 00:00:29 . Memory (MB): peak = 1378.820 ; gain = 69.090
---------------------------------------------------------------------------------
---------------------------------------------------------------------------------
Start Renaming Generated Ports
---------------------------------------------------------------------------------
---------------------------------------------------------------------------------
Finished Renaming Generated Ports : Time (s): cpu = 00:00:26 ; elapsed = 00:00:29 . Memory (MB): peak = 1378.820 ; gain = 69.090
---------------------------------------------------------------------------------
---------------------------------------------------------------------------------
Start Handling Custom Attributes
---------------------------------------------------------------------------------
---------------------------------------------------------------------------------
Finished Handling Custom Attributes : Time (s): cpu = 00:00:26 ; elapsed = 00:00:29 . Memory (MB): peak = 1378.820 ; gain = 69.090
---------------------------------------------------------------------------------
---------------------------------------------------------------------------------
Start Renaming Generated Nets
---------------------------------------------------------------------------------
---------------------------------------------------------------------------------
Finished Renaming Generated Nets : Time (s): cpu = 00:00:26 ; elapsed = 00:00:29 . Memory (MB): peak = 1378.820 ; gain = 69.090
---------------------------------------------------------------------------------
---------------------------------------------------------------------------------
Start Writing Synthesis Report
---------------------------------------------------------------------------------

Report BlackBoxes: 
+-+--------------+----------+
| |BlackBox name |Instances |
+-+--------------+----------+
+-+--------------+----------+

Report Cell Usage: 
+------+---------+------+
|      |Cell     |Count |
+------+---------+------+
|1     |LUT1     |     3|
|2     |LUT2     |     4|
|3     |LUT3     |     6|
|4     |LUT4     |    16|
|5     |LUT5     |    11|
|6     |LUT6     |    23|
|7     |RAMB18E1 |     1|
|8     |RAMB36E1 |     2|
|9     |FDRE     |    41|
|10    |FDSE     |     8|
+------+---------+------+
---------------------------------------------------------------------------------
Finished Writing Synthesis Report : Time (s): cpu = 00:00:26 ; elapsed = 00:00:29 . Memory (MB): peak = 1378.820 ; gain = 69.090
---------------------------------------------------------------------------------
Synthesis finished with 0 errors, 0 critical warnings and 179 warnings.
Synthesis Optimization Runtime : Time (s): cpu = 00:00:18 ; elapsed = 00:00:26 . Memory (MB): peak = 1378.820 ; gain = 0.000
Synthesis Optimization Complete : Time (s): cpu = 00:00:27 ; elapsed = 00:00:29 . Memory (MB): peak = 1378.820 ; gain = 69.090
INFO: [Project 1-571] Translating synthesized netlist
Netlist sorting complete. Time (s): cpu = 00:00:00 ; elapsed = 00:00:00.009 . Memory (MB): peak = 1378.820 ; gain = 0.000
INFO: [Netlist 29-17] Analyzing 3 Unisim elements for replacement
INFO: [Netlist 29-28] Unisim Transformation completed in 0 CPU seconds
INFO: [Project 1-570] Preparing netlist for logic optimization
INFO: [Opt 31-138] Pushed 0 inverter(s) to 0 load pin(s).
Netlist sorting complete. Time (s): cpu = 00:00:00 ; elapsed = 00:00:00 . Memory (MB): peak = 1378.820 ; gain = 0.000
INFO: [Project 1-111] Unisim Transformation Summary:
No Unisim elements were transformed.

Synth Design complete, checksum: aaa6c60
INFO: [Common 17-83] Releasing license: Synthesis
61 Infos, 107 Warnings, 0 Critical Warnings and 0 Errors encountered.
synth_design completed successfully
synth_design: Time (s): cpu = 00:00:31 ; elapsed = 00:00:34 . Memory (MB): peak = 1378.820 ; gain = 69.090
INFO: [Common 17-600] The following parameters have non-default value.
tcl.collectionResultDisplayLimit
INFO: [Common 17-1381] The checkpoint 'E:/Accelerator/Accelerator_Test_Windows/Accelerator.runs/axis_data_fifo_0_synth_1/axis_data_fifo_0.dcp' has been generated.
INFO: [Coretcl 2-1648] Added synthesis output to IP cache for IP axis_data_fifo_0, cache-ID = 3d7ec14977226bf1
INFO: [Coretcl 2-1174] Renamed 11 cell refs.
INFO: [Common 17-1381] The checkpoint 'E:/Accelerator/Accelerator_Test_Windows/Accelerator.runs/axis_data_fifo_0_synth_1/axis_data_fifo_0.dcp' has been generated.
INFO: [runtcl-4] Executing : report_utilization -file axis_data_fifo_0_utilization_synth.rpt -pb axis_data_fifo_0_utilization_synth.pb
INFO: [Common 17-206] Exiting Vivado at Sat Apr  6 22:11:31 2024...
