
*** Running vivado
    with args -log axi_vip_0.vds -m64 -product Vivado -mode batch -messageDb vivado.pb -notrace -source axi_vip_0.tcl



****** Vivado v2022.1 (64-bit)
  **** SW Build 3526262 on Mon Apr 18 15:48:16 MDT 2022
  **** IP Build 3524634 on Mon Apr 18 20:55:01 MDT 2022
    ** Copyright 1986-2022 Xilinx, Inc. All Rights Reserved.

source axi_vip_0.tcl -notrace
create_project: Time (s): cpu = 00:00:05 ; elapsed = 00:00:07 . Memory (MB): peak = 1308.848 ; gain = 25.953
INFO: [IP_Flow 19-234] Refreshing IP repositories
INFO: [IP_Flow 19-1700] Loaded user IP repository 'e:/Accelerator/ip_package_rtl/CNN_Control'.
INFO: [IP_Flow 19-1700] Loaded user IP repository 'e:/Accelerator/IP_design/CNN_Control/CNN_Control_1.0'.
WARNING: [IP_Flow 19-2248] Failed to load user IP repository 'e:/Accelerator/ip_repo/myip_1.0'; Can't find the specified path.
If this directory should no longer be in your list of user repositories, go to the IP Settings dialog and remove it.
INFO: [IP_Flow 19-1700] Loaded user IP repository 'e:/Accelerator/IP_design/Windows_Data_Convert_1.0'.
WARNING: [IP_Flow 19-2248] Failed to load user IP repository 'e:/Accelerator/ip_repo/Accelerator_Control_1.0'; Can't find the specified path.
If this directory should no longer be in your list of user repositories, go to the IP Settings dialog and remove it.
INFO: [IP_Flow 19-1700] Loaded user IP repository 'f:/Digital_IC_design/dpu_ip'.
INFO: [IP_Flow 19-2313] Loaded Vivado IP repository 'F:/Xilinx/Vivado/2022.1/data/ip'.
Command: synth_design -top axi_vip_0 -part xc7z020clg400-1 -incremental_mode off -mode out_of_context
Starting synth_design
Attempting to get a license for feature 'Synthesis' and/or device 'xc7z020'
INFO: [Common 17-349] Got license for feature 'Synthesis' and/or device 'xc7z020'
INFO: [Device 21-403] Loading part xc7z020clg400-1
INFO: [Synth 8-7079] Multithreading enabled for synth_design using a maximum of 2 processes.
INFO: [Synth 8-7078] Launching helper process for spawning children vivado processes
INFO: [Synth 8-7075] Helper process launched with PID 13236
WARNING: [Synth 8-9501] generate block is allowed only inside loop and conditional generate in SystemVerilog mode [F:/Xilinx/Vivado/2022.1/data/ip/xpm/xpm_fifo/hdl/xpm_fifo.sv:4023]
---------------------------------------------------------------------------------
Starting RTL Elaboration : Time (s): cpu = 00:00:05 ; elapsed = 00:00:06 . Memory (MB): peak = 1308.848 ; gain = 0.000
---------------------------------------------------------------------------------
INFO: [Synth 8-6157] synthesizing module 'axi_vip_0' [e:/Accelerator/Accelerator_Test_Windows/Accelerator.gen/sources_1/ip/axi_vip_0/synth/axi_vip_0.sv:53]
INFO: [Synth 8-6157] synthesizing module 'axi_vip_v1_1_12_top' [e:/Accelerator/Accelerator_Test_Windows/Accelerator.gen/sources_1/ip/axi_vip_0/hdl/axi_vip_v1_1_vlsyn_rfs.sv:60]
INFO: [Synth 8-6155] done synthesizing module 'axi_vip_v1_1_12_top' (0#1) [e:/Accelerator/Accelerator_Test_Windows/Accelerator.gen/sources_1/ip/axi_vip_0/hdl/axi_vip_v1_1_vlsyn_rfs.sv:60]
INFO: [Synth 8-6155] done synthesizing module 'axi_vip_0' (0#1) [e:/Accelerator/Accelerator_Test_Windows/Accelerator.gen/sources_1/ip/axi_vip_0/synth/axi_vip_0.sv:53]
WARNING: [Synth 8-7129] Port aclk in module axi_vip_v1_1_12_top is either unconnected or has no load
WARNING: [Synth 8-7129] Port aclken in module axi_vip_v1_1_12_top is either unconnected or has no load
WARNING: [Synth 8-7129] Port aresetn in module axi_vip_v1_1_12_top is either unconnected or has no load
WARNING: [Synth 8-7129] Port s_axi_awid[0] in module axi_vip_v1_1_12_top is either unconnected or has no load
WARNING: [Synth 8-7129] Port s_axi_awaddr[31] in module axi_vip_v1_1_12_top is either unconnected or has no load
WARNING: [Synth 8-7129] Port s_axi_awaddr[30] in module axi_vip_v1_1_12_top is either unconnected or has no load
WARNING: [Synth 8-7129] Port s_axi_awaddr[29] in module axi_vip_v1_1_12_top is either unconnected or has no load
WARNING: [Synth 8-7129] Port s_axi_awaddr[28] in module axi_vip_v1_1_12_top is either unconnected or has no load
WARNING: [Synth 8-7129] Port s_axi_awaddr[27] in module axi_vip_v1_1_12_top is either unconnected or has no load
WARNING: [Synth 8-7129] Port s_axi_awaddr[26] in module axi_vip_v1_1_12_top is either unconnected or has no load
WARNING: [Synth 8-7129] Port s_axi_awaddr[25] in module axi_vip_v1_1_12_top is either unconnected or has no load
WARNING: [Synth 8-7129] Port s_axi_awaddr[24] in module axi_vip_v1_1_12_top is either unconnected or has no load
WARNING: [Synth 8-7129] Port s_axi_awaddr[23] in module axi_vip_v1_1_12_top is either unconnected or has no load
WARNING: [Synth 8-7129] Port s_axi_awaddr[22] in module axi_vip_v1_1_12_top is either unconnected or has no load
WARNING: [Synth 8-7129] Port s_axi_awaddr[21] in module axi_vip_v1_1_12_top is either unconnected or has no load
WARNING: [Synth 8-7129] Port s_axi_awaddr[20] in module axi_vip_v1_1_12_top is either unconnected or has no load
WARNING: [Synth 8-7129] Port s_axi_awaddr[19] in module axi_vip_v1_1_12_top is either unconnected or has no load
WARNING: [Synth 8-7129] Port s_axi_awaddr[18] in module axi_vip_v1_1_12_top is either unconnected or has no load
WARNING: [Synth 8-7129] Port s_axi_awaddr[17] in module axi_vip_v1_1_12_top is either unconnected or has no load
WARNING: [Synth 8-7129] Port s_axi_awaddr[16] in module axi_vip_v1_1_12_top is either unconnected or has no load
WARNING: [Synth 8-7129] Port s_axi_awaddr[15] in module axi_vip_v1_1_12_top is either unconnected or has no load
WARNING: [Synth 8-7129] Port s_axi_awaddr[14] in module axi_vip_v1_1_12_top is either unconnected or has no load
WARNING: [Synth 8-7129] Port s_axi_awaddr[13] in module axi_vip_v1_1_12_top is either unconnected or has no load
WARNING: [Synth 8-7129] Port s_axi_awaddr[12] in module axi_vip_v1_1_12_top is either unconnected or has no load
WARNING: [Synth 8-7129] Port s_axi_awaddr[11] in module axi_vip_v1_1_12_top is either unconnected or has no load
WARNING: [Synth 8-7129] Port s_axi_awaddr[10] in module axi_vip_v1_1_12_top is either unconnected or has no load
WARNING: [Synth 8-7129] Port s_axi_awaddr[9] in module axi_vip_v1_1_12_top is either unconnected or has no load
WARNING: [Synth 8-7129] Port s_axi_awaddr[8] in module axi_vip_v1_1_12_top is either unconnected or has no load
WARNING: [Synth 8-7129] Port s_axi_awaddr[7] in module axi_vip_v1_1_12_top is either unconnected or has no load
WARNING: [Synth 8-7129] Port s_axi_awaddr[6] in module axi_vip_v1_1_12_top is either unconnected or has no load
WARNING: [Synth 8-7129] Port s_axi_awaddr[5] in module axi_vip_v1_1_12_top is either unconnected or has no load
WARNING: [Synth 8-7129] Port s_axi_awaddr[4] in module axi_vip_v1_1_12_top is either unconnected or has no load
WARNING: [Synth 8-7129] Port s_axi_awaddr[3] in module axi_vip_v1_1_12_top is either unconnected or has no load
WARNING: [Synth 8-7129] Port s_axi_awaddr[2] in module axi_vip_v1_1_12_top is either unconnected or has no load
WARNING: [Synth 8-7129] Port s_axi_awaddr[1] in module axi_vip_v1_1_12_top is either unconnected or has no load
WARNING: [Synth 8-7129] Port s_axi_awaddr[0] in module axi_vip_v1_1_12_top is either unconnected or has no load
WARNING: [Synth 8-7129] Port s_axi_awlen[7] in module axi_vip_v1_1_12_top is either unconnected or has no load
WARNING: [Synth 8-7129] Port s_axi_awlen[6] in module axi_vip_v1_1_12_top is either unconnected or has no load
WARNING: [Synth 8-7129] Port s_axi_awlen[5] in module axi_vip_v1_1_12_top is either unconnected or has no load
WARNING: [Synth 8-7129] Port s_axi_awlen[4] in module axi_vip_v1_1_12_top is either unconnected or has no load
WARNING: [Synth 8-7129] Port s_axi_awlen[3] in module axi_vip_v1_1_12_top is either unconnected or has no load
WARNING: [Synth 8-7129] Port s_axi_awlen[2] in module axi_vip_v1_1_12_top is either unconnected or has no load
WARNING: [Synth 8-7129] Port s_axi_awlen[1] in module axi_vip_v1_1_12_top is either unconnected or has no load
WARNING: [Synth 8-7129] Port s_axi_awlen[0] in module axi_vip_v1_1_12_top is either unconnected or has no load
WARNING: [Synth 8-7129] Port s_axi_awsize[2] in module axi_vip_v1_1_12_top is either unconnected or has no load
WARNING: [Synth 8-7129] Port s_axi_awsize[1] in module axi_vip_v1_1_12_top is either unconnected or has no load
WARNING: [Synth 8-7129] Port s_axi_awsize[0] in module axi_vip_v1_1_12_top is either unconnected or has no load
WARNING: [Synth 8-7129] Port s_axi_awburst[1] in module axi_vip_v1_1_12_top is either unconnected or has no load
WARNING: [Synth 8-7129] Port s_axi_awburst[0] in module axi_vip_v1_1_12_top is either unconnected or has no load
WARNING: [Synth 8-7129] Port s_axi_awlock[0] in module axi_vip_v1_1_12_top is either unconnected or has no load
WARNING: [Synth 8-7129] Port s_axi_awcache[3] in module axi_vip_v1_1_12_top is either unconnected or has no load
WARNING: [Synth 8-7129] Port s_axi_awcache[2] in module axi_vip_v1_1_12_top is either unconnected or has no load
WARNING: [Synth 8-7129] Port s_axi_awcache[1] in module axi_vip_v1_1_12_top is either unconnected or has no load
WARNING: [Synth 8-7129] Port s_axi_awcache[0] in module axi_vip_v1_1_12_top is either unconnected or has no load
WARNING: [Synth 8-7129] Port s_axi_awprot[2] in module axi_vip_v1_1_12_top is either unconnected or has no load
WARNING: [Synth 8-7129] Port s_axi_awprot[1] in module axi_vip_v1_1_12_top is either unconnected or has no load
WARNING: [Synth 8-7129] Port s_axi_awprot[0] in module axi_vip_v1_1_12_top is either unconnected or has no load
WARNING: [Synth 8-7129] Port s_axi_awregion[3] in module axi_vip_v1_1_12_top is either unconnected or has no load
WARNING: [Synth 8-7129] Port s_axi_awregion[2] in module axi_vip_v1_1_12_top is either unconnected or has no load
WARNING: [Synth 8-7129] Port s_axi_awregion[1] in module axi_vip_v1_1_12_top is either unconnected or has no load
WARNING: [Synth 8-7129] Port s_axi_awregion[0] in module axi_vip_v1_1_12_top is either unconnected or has no load
WARNING: [Synth 8-7129] Port s_axi_awqos[3] in module axi_vip_v1_1_12_top is either unconnected or has no load
WARNING: [Synth 8-7129] Port s_axi_awqos[2] in module axi_vip_v1_1_12_top is either unconnected or has no load
WARNING: [Synth 8-7129] Port s_axi_awqos[1] in module axi_vip_v1_1_12_top is either unconnected or has no load
WARNING: [Synth 8-7129] Port s_axi_awqos[0] in module axi_vip_v1_1_12_top is either unconnected or has no load
WARNING: [Synth 8-7129] Port s_axi_awuser[0] in module axi_vip_v1_1_12_top is either unconnected or has no load
WARNING: [Synth 8-7129] Port s_axi_awvalid in module axi_vip_v1_1_12_top is either unconnected or has no load
WARNING: [Synth 8-7129] Port s_axi_wid[0] in module axi_vip_v1_1_12_top is either unconnected or has no load
WARNING: [Synth 8-7129] Port s_axi_wdata[31] in module axi_vip_v1_1_12_top is either unconnected or has no load
WARNING: [Synth 8-7129] Port s_axi_wdata[30] in module axi_vip_v1_1_12_top is either unconnected or has no load
WARNING: [Synth 8-7129] Port s_axi_wdata[29] in module axi_vip_v1_1_12_top is either unconnected or has no load
WARNING: [Synth 8-7129] Port s_axi_wdata[28] in module axi_vip_v1_1_12_top is either unconnected or has no load
WARNING: [Synth 8-7129] Port s_axi_wdata[27] in module axi_vip_v1_1_12_top is either unconnected or has no load
WARNING: [Synth 8-7129] Port s_axi_wdata[26] in module axi_vip_v1_1_12_top is either unconnected or has no load
WARNING: [Synth 8-7129] Port s_axi_wdata[25] in module axi_vip_v1_1_12_top is either unconnected or has no load
WARNING: [Synth 8-7129] Port s_axi_wdata[24] in module axi_vip_v1_1_12_top is either unconnected or has no load
WARNING: [Synth 8-7129] Port s_axi_wdata[23] in module axi_vip_v1_1_12_top is either unconnected or has no load
WARNING: [Synth 8-7129] Port s_axi_wdata[22] in module axi_vip_v1_1_12_top is either unconnected or has no load
WARNING: [Synth 8-7129] Port s_axi_wdata[21] in module axi_vip_v1_1_12_top is either unconnected or has no load
WARNING: [Synth 8-7129] Port s_axi_wdata[20] in module axi_vip_v1_1_12_top is either unconnected or has no load
WARNING: [Synth 8-7129] Port s_axi_wdata[19] in module axi_vip_v1_1_12_top is either unconnected or has no load
WARNING: [Synth 8-7129] Port s_axi_wdata[18] in module axi_vip_v1_1_12_top is either unconnected or has no load
WARNING: [Synth 8-7129] Port s_axi_wdata[17] in module axi_vip_v1_1_12_top is either unconnected or has no load
WARNING: [Synth 8-7129] Port s_axi_wdata[16] in module axi_vip_v1_1_12_top is either unconnected or has no load
WARNING: [Synth 8-7129] Port s_axi_wdata[15] in module axi_vip_v1_1_12_top is either unconnected or has no load
WARNING: [Synth 8-7129] Port s_axi_wdata[14] in module axi_vip_v1_1_12_top is either unconnected or has no load
WARNING: [Synth 8-7129] Port s_axi_wdata[13] in module axi_vip_v1_1_12_top is either unconnected or has no load
WARNING: [Synth 8-7129] Port s_axi_wdata[12] in module axi_vip_v1_1_12_top is either unconnected or has no load
WARNING: [Synth 8-7129] Port s_axi_wdata[11] in module axi_vip_v1_1_12_top is either unconnected or has no load
WARNING: [Synth 8-7129] Port s_axi_wdata[10] in module axi_vip_v1_1_12_top is either unconnected or has no load
WARNING: [Synth 8-7129] Port s_axi_wdata[9] in module axi_vip_v1_1_12_top is either unconnected or has no load
WARNING: [Synth 8-7129] Port s_axi_wdata[8] in module axi_vip_v1_1_12_top is either unconnected or has no load
WARNING: [Synth 8-7129] Port s_axi_wdata[7] in module axi_vip_v1_1_12_top is either unconnected or has no load
WARNING: [Synth 8-7129] Port s_axi_wdata[6] in module axi_vip_v1_1_12_top is either unconnected or has no load
WARNING: [Synth 8-7129] Port s_axi_wdata[5] in module axi_vip_v1_1_12_top is either unconnected or has no load
WARNING: [Synth 8-7129] Port s_axi_wdata[4] in module axi_vip_v1_1_12_top is either unconnected or has no load
WARNING: [Synth 8-7129] Port s_axi_wdata[3] in module axi_vip_v1_1_12_top is either unconnected or has no load
WARNING: [Synth 8-7129] Port s_axi_wdata[2] in module axi_vip_v1_1_12_top is either unconnected or has no load
WARNING: [Synth 8-7129] Port s_axi_wdata[1] in module axi_vip_v1_1_12_top is either unconnected or has no load
WARNING: [Synth 8-7129] Port s_axi_wdata[0] in module axi_vip_v1_1_12_top is either unconnected or has no load
INFO: [Common 17-14] Message 'Synth 8-7129' appears 100 times and further instances of the messages will be disabled. Use the Tcl command set_msg_config to change the current settings.
---------------------------------------------------------------------------------
Finished RTL Elaboration : Time (s): cpu = 00:00:07 ; elapsed = 00:00:07 . Memory (MB): peak = 1308.848 ; gain = 0.000
---------------------------------------------------------------------------------
---------------------------------------------------------------------------------
Start Handling Custom Attributes
---------------------------------------------------------------------------------
---------------------------------------------------------------------------------
Finished Handling Custom Attributes : Time (s): cpu = 00:00:07 ; elapsed = 00:00:07 . Memory (MB): peak = 1308.848 ; gain = 0.000
---------------------------------------------------------------------------------
---------------------------------------------------------------------------------
Finished RTL Optimization Phase 1 : Time (s): cpu = 00:00:07 ; elapsed = 00:00:07 . Memory (MB): peak = 1308.848 ; gain = 0.000
---------------------------------------------------------------------------------
Netlist sorting complete. Time (s): cpu = 00:00:00 ; elapsed = 00:00:00.002 . Memory (MB): peak = 1308.848 ; gain = 0.000
INFO: [Project 1-570] Preparing netlist for logic optimization

Processing XDC Constraints
Initializing timing engine
WARNING: [Designutils 20-1758] instance inst wraps a black box. Constraint reading is skipped for elaborated designs in this case. Skipping constraint file 'e:/Accelerator/Accelerator_Test_Windows/Accelerator.gen/sources_1/ip/axi_vip_0/axi_vip_0_ooc.xdc'.
Parsing XDC File [E:/Accelerator/Accelerator_Test_Windows/Accelerator.runs/axi_vip_0_synth_1/dont_touch.xdc]
Finished Parsing XDC File [E:/Accelerator/Accelerator_Test_Windows/Accelerator.runs/axi_vip_0_synth_1/dont_touch.xdc]
Completed Processing XDC Constraints

Netlist sorting complete. Time (s): cpu = 00:00:00 ; elapsed = 00:00:00 . Memory (MB): peak = 1308.848 ; gain = 0.000
INFO: [Project 1-111] Unisim Transformation Summary:
No Unisim elements were transformed.

Constraint Validation Runtime : Time (s): cpu = 00:00:00 ; elapsed = 00:00:00.014 . Memory (MB): peak = 1308.848 ; gain = 0.000
INFO: [Designutils 20-5008] Incremental synthesis strategy off
---------------------------------------------------------------------------------
Finished Constraint Validation : Time (s): cpu = 00:00:13 ; elapsed = 00:00:14 . Memory (MB): peak = 1308.848 ; gain = 0.000
---------------------------------------------------------------------------------
---------------------------------------------------------------------------------
Start Loading Part and Timing Information
---------------------------------------------------------------------------------
Loading part: xc7z020clg400-1
---------------------------------------------------------------------------------
Finished Loading Part and Timing Information : Time (s): cpu = 00:00:13 ; elapsed = 00:00:14 . Memory (MB): peak = 1308.848 ; gain = 0.000
---------------------------------------------------------------------------------
---------------------------------------------------------------------------------
Start Applying 'set_property' XDC Constraints
---------------------------------------------------------------------------------
Applied set_property KEEP_HIERARCHY = SOFT for inst. (constraint file  E:/Accelerator/Accelerator_Test_Windows/Accelerator.runs/axi_vip_0_synth_1/dont_touch.xdc, line 9).
---------------------------------------------------------------------------------
Finished applying 'set_property' XDC Constraints : Time (s): cpu = 00:00:13 ; elapsed = 00:00:14 . Memory (MB): peak = 1308.848 ; gain = 0.000
---------------------------------------------------------------------------------
---------------------------------------------------------------------------------
Finished RTL Optimization Phase 2 : Time (s): cpu = 00:00:14 ; elapsed = 00:00:14 . Memory (MB): peak = 1308.848 ; gain = 0.000
---------------------------------------------------------------------------------
---------------------------------------------------------------------------------
Start RTL Component Statistics 
---------------------------------------------------------------------------------
Detailed RTL Component Info : 
---------------------------------------------------------------------------------
Finished RTL Component Statistics 
---------------------------------------------------------------------------------
---------------------------------------------------------------------------------
Start Part Resource Summary
---------------------------------------------------------------------------------
Part Resources:
DSPs: 220 (col length:60)
BRAMs: 280 (col length: RAMB18 60 RAMB36 30)
---------------------------------------------------------------------------------
Finished Part Resource Summary
---------------------------------------------------------------------------------
---------------------------------------------------------------------------------
Start Cross Boundary and Area Optimization
---------------------------------------------------------------------------------
WARNING: [Synth 8-7080] Parallel synthesis criteria is not met
---------------------------------------------------------------------------------
Finished Cross Boundary and Area Optimization : Time (s): cpu = 00:00:15 ; elapsed = 00:00:16 . Memory (MB): peak = 1308.848 ; gain = 0.000
---------------------------------------------------------------------------------
---------------------------------------------------------------------------------
Start Applying XDC Timing Constraints
---------------------------------------------------------------------------------
---------------------------------------------------------------------------------
Finished Applying XDC Timing Constraints : Time (s): cpu = 00:00:20 ; elapsed = 00:00:21 . Memory (MB): peak = 1308.848 ; gain = 0.000
---------------------------------------------------------------------------------
---------------------------------------------------------------------------------
Start Timing Optimization
---------------------------------------------------------------------------------
---------------------------------------------------------------------------------
Finished Timing Optimization : Time (s): cpu = 00:00:20 ; elapsed = 00:00:21 . Memory (MB): peak = 1308.848 ; gain = 0.000
---------------------------------------------------------------------------------
---------------------------------------------------------------------------------
Start Technology Mapping
---------------------------------------------------------------------------------
---------------------------------------------------------------------------------
Finished Technology Mapping : Time (s): cpu = 00:00:20 ; elapsed = 00:00:21 . Memory (MB): peak = 1308.848 ; gain = 0.000
---------------------------------------------------------------------------------
---------------------------------------------------------------------------------
Start IO Insertion
---------------------------------------------------------------------------------
---------------------------------------------------------------------------------
Start Flattening Before IO Insertion
---------------------------------------------------------------------------------
---------------------------------------------------------------------------------
Finished Flattening Before IO Insertion
---------------------------------------------------------------------------------
---------------------------------------------------------------------------------
Start Final Netlist Cleanup
---------------------------------------------------------------------------------
---------------------------------------------------------------------------------
Finished Final Netlist Cleanup
---------------------------------------------------------------------------------
---------------------------------------------------------------------------------
Finished IO Insertion : Time (s): cpu = 00:00:24 ; elapsed = 00:00:25 . Memory (MB): peak = 1308.848 ; gain = 0.000
---------------------------------------------------------------------------------
---------------------------------------------------------------------------------
Start Renaming Generated Instances
---------------------------------------------------------------------------------
---------------------------------------------------------------------------------
Finished Renaming Generated Instances : Time (s): cpu = 00:00:24 ; elapsed = 00:00:25 . Memory (MB): peak = 1308.848 ; gain = 0.000
---------------------------------------------------------------------------------
---------------------------------------------------------------------------------
Start Rebuilding User Hierarchy
---------------------------------------------------------------------------------
---------------------------------------------------------------------------------
Finished Rebuilding User Hierarchy : Time (s): cpu = 00:00:24 ; elapsed = 00:00:25 . Memory (MB): peak = 1308.848 ; gain = 0.000
---------------------------------------------------------------------------------
---------------------------------------------------------------------------------
Start Renaming Generated Ports
---------------------------------------------------------------------------------
---------------------------------------------------------------------------------
Finished Renaming Generated Ports : Time (s): cpu = 00:00:24 ; elapsed = 00:00:25 . Memory (MB): peak = 1308.848 ; gain = 0.000
---------------------------------------------------------------------------------
---------------------------------------------------------------------------------
Start Handling Custom Attributes
---------------------------------------------------------------------------------
---------------------------------------------------------------------------------
Finished Handling Custom Attributes : Time (s): cpu = 00:00:24 ; elapsed = 00:00:25 . Memory (MB): peak = 1308.848 ; gain = 0.000
---------------------------------------------------------------------------------
---------------------------------------------------------------------------------
Start Renaming Generated Nets
---------------------------------------------------------------------------------
---------------------------------------------------------------------------------
Finished Renaming Generated Nets : Time (s): cpu = 00:00:24 ; elapsed = 00:00:25 . Memory (MB): peak = 1308.848 ; gain = 0.000
---------------------------------------------------------------------------------
---------------------------------------------------------------------------------
Start Writing Synthesis Report
---------------------------------------------------------------------------------

Report BlackBoxes: 
+-+--------------+----------+
| |BlackBox name |Instances |
+-+--------------+----------+
+-+--------------+----------+

Report Cell Usage: 
+-+-----+------+
| |Cell |Count |
+-+-----+------+
+-+-----+------+
---------------------------------------------------------------------------------
Finished Writing Synthesis Report : Time (s): cpu = 00:00:24 ; elapsed = 00:00:25 . Memory (MB): peak = 1308.848 ; gain = 0.000
---------------------------------------------------------------------------------
Synthesis finished with 0 errors, 0 critical warnings and 220 warnings.
Synthesis Optimization Runtime : Time (s): cpu = 00:00:17 ; elapsed = 00:00:24 . Memory (MB): peak = 1308.848 ; gain = 0.000
Synthesis Optimization Complete : Time (s): cpu = 00:00:25 ; elapsed = 00:00:25 . Memory (MB): peak = 1308.848 ; gain = 0.000
INFO: [Project 1-571] Translating synthesized netlist
Netlist sorting complete. Time (s): cpu = 00:00:00 ; elapsed = 00:00:00 . Memory (MB): peak = 1308.848 ; gain = 0.000
INFO: [Project 1-570] Preparing netlist for logic optimization
INFO: [Opt 31-138] Pushed 0 inverter(s) to 0 load pin(s).
Netlist sorting complete. Time (s): cpu = 00:00:00 ; elapsed = 00:00:00 . Memory (MB): peak = 1324.137 ; gain = 0.000
INFO: [Project 1-111] Unisim Transformation Summary:
No Unisim elements were transformed.

Synth Design complete, checksum: 9ba8d8a6
INFO: [Common 17-83] Releasing license: Synthesis
24 Infos, 105 Warnings, 0 Critical Warnings and 0 Errors encountered.
synth_design completed successfully
synth_design: Time (s): cpu = 00:00:29 ; elapsed = 00:00:31 . Memory (MB): peak = 1330.176 ; gain = 21.328
INFO: [Common 17-1381] The checkpoint 'E:/Accelerator/Accelerator_Test_Windows/Accelerator.runs/axi_vip_0_synth_1/axi_vip_0.dcp' has been generated.
INFO: [Coretcl 2-1648] Added synthesis output to IP cache for IP axi_vip_0, cache-ID = 7f9eb686305a2322
INFO: [Common 17-1381] The checkpoint 'E:/Accelerator/Accelerator_Test_Windows/Accelerator.runs/axi_vip_0_synth_1/axi_vip_0.dcp' has been generated.
INFO: [runtcl-4] Executing : report_utilization -file axi_vip_0_utilization_synth.rpt -pb axi_vip_0_utilization_synth.pb
INFO: [Common 17-206] Exiting Vivado at Tue Apr  9 17:51:09 2024...
