INFO: [VRFC 10-2263] Analyzing Verilog file "E:/Accelerator/Accelerator_Test_Windows/Accelerator.gen/sources_1/ip/fifo_result/sim/fifo_result.v" into library xil_defaultlib
INFO: [VRFC 10-311] analyzing module fifo_result
INFO: [VRFC 10-2263] Analyzing Verilog file "E:/Accelerator/Accelerator_Test_Windows/Accelerator.gen/sources_1/ip/fifo_weightfc/sim/fifo_weightfc.v" into library xil_defaultlib
INFO: [VRFC 10-311] analyzing module fifo_weightfc
INFO: [VRFC 10-2263] Analyzing Verilog file "E:/Accelerator/Accelerator_Test_Windows/Accelerator.gen/sources_1/ip/fifo_weight/sim/fifo_weight.v" into library xil_defaultlib
INFO: [VRFC 10-311] analyzing module fifo_weight
INFO: [VRFC 10-2263] Analyzing Verilog file "E:/Accelerator/Accelerator_Test_Windows/Accelerator.gen/sources_1/ip/picture_fifo_0/sim/picture_fifo_0.v" into library xil_defaultlib
INFO: [VRFC 10-311] analyzing module picture_fifo_0
INFO: [VRFC 10-2263] Analyzing Verilog file "E:/Accelerator/Accelerator_Test_Windows/Accelerator.gen/sources_1/ip/axis_data_fifo_0/sim/axis_data_fifo_0.v" into library xil_defaultlib
INFO: [VRFC 10-311] analyzing module axis_data_fifo_0
INFO: [VRFC 10-2263] Analyzing Verilog file "E:/Accelerator/Accelerator_Test_Windows/Accelerator.srcs/sources_1/new/CNN_Accelerator.v" into library xil_defaultlib
INFO: [VRFC 10-311] analyzing module CNN_Accelerator
WARNING: [VRFC 10-3380] identifier 'CONV_Act' is used before its declaration [E:/Accelerator/Accelerator_Test_Windows/Accelerator.srcs/sources_1/new/CNN_Accelerator.v:136]
WARNING: [VRFC 10-3380] identifier 'CONV_Act' is used before its declaration [E:/Accelerator/Accelerator_Test_Windows/Accelerator.srcs/sources_1/new/CNN_Accelerator.v:141]
WARNING: [VRFC 10-3380] identifier 'CONV_Act' is used before its declaration [E:/Accelerator/Accelerator_Test_Windows/Accelerator.srcs/sources_1/new/CNN_Accelerator.v:144]
WARNING: [VRFC 10-3380] identifier 'CONV_Weight' is used before its declaration [E:/Accelerator/Accelerator_Test_Windows/Accelerator.srcs/sources_1/new/CNN_Accelerator.v:154]
WARNING: [VRFC 10-3380] identifier 'CONV_Weight' is used before its declaration [E:/Accelerator/Accelerator_Test_Windows/Accelerator.srcs/sources_1/new/CNN_Accelerator.v:158]
WARNING: [VRFC 10-3380] identifier 'CONV_Weight' is used before its declaration [E:/Accelerator/Accelerator_Test_Windows/Accelerator.srcs/sources_1/new/CNN_Accelerator.v:160]
WARNING: [VRFC 10-3380] identifier 'CONV_Load_Act' is used before its declaration [E:/Accelerator/Accelerator_Test_Windows/Accelerator.srcs/sources_1/new/CNN_Accelerator.v:171]
WARNING: [VRFC 10-3380] identifier 'CONV_State' is used before its declaration [E:/Accelerator/Accelerator_Test_Windows/Accelerator.srcs/sources_1/new/CNN_Accelerator.v:174]
WARNING: [VRFC 10-3380] identifier 'CONV_Load_Act' is used before its declaration [E:/Accelerator/Accelerator_Test_Windows/Accelerator.srcs/sources_1/new/CNN_Accelerator.v:175]
WARNING: [VRFC 10-3380] identifier 'CONV_Load_Act' is used before its declaration [E:/Accelerator/Accelerator_Test_Windows/Accelerator.srcs/sources_1/new/CNN_Accelerator.v:177]
WARNING: [VRFC 10-3380] identifier 'CONV_Refresh' is used before its declaration [E:/Accelerator/Accelerator_Test_Windows/Accelerator.srcs/sources_1/new/CNN_Accelerator.v:195]
WARNING: [VRFC 10-3380] identifier 'CONV_Start_Control' is used before its declaration [E:/Accelerator/Accelerator_Test_Windows/Accelerator.srcs/sources_1/new/CNN_Accelerator.v:197]
WARNING: [VRFC 10-3380] identifier 'CONV_Image_Ready' is used before its declaration [E:/Accelerator/Accelerator_Test_Windows/Accelerator.srcs/sources_1/new/CNN_Accelerator.v:198]
WARNING: [VRFC 10-3380] identifier 'CONV_Weight_Ready' is used before its declaration [E:/Accelerator/Accelerator_Test_Windows/Accelerator.srcs/sources_1/new/CNN_Accelerator.v:199]
WARNING: [VRFC 10-3380] identifier 'CONV_Start_Control' is used before its declaration [E:/Accelerator/Accelerator_Test_Windows/Accelerator.srcs/sources_1/new/CNN_Accelerator.v:213]
WARNING: [VRFC 10-3380] identifier 'CONV_Weight_Ready' is used before its declaration [E:/Accelerator/Accelerator_Test_Windows/Accelerator.srcs/sources_1/new/CNN_Accelerator.v:223]
WARNING: [VRFC 10-3380] identifier 'CONV_Start_Control' is used before its declaration [E:/Accelerator/Accelerator_Test_Windows/Accelerator.srcs/sources_1/new/CNN_Accelerator.v:224]
WARNING: [VRFC 10-3380] identifier 'CONV_Weight_Ready' is used before its declaration [E:/Accelerator/Accelerator_Test_Windows/Accelerator.srcs/sources_1/new/CNN_Accelerator.v:228]
WARNING: [VRFC 10-3380] identifier 'CONV_Start_Control' is used before its declaration [E:/Accelerator/Accelerator_Test_Windows/Accelerator.srcs/sources_1/new/CNN_Accelerator.v:229]
WARNING: [VRFC 10-3380] identifier 'CONV_Start_Control' is used before its declaration [E:/Accelerator/Accelerator_Test_Windows/Accelerator.srcs/sources_1/new/CNN_Accelerator.v:238]
WARNING: [VRFC 10-3380] identifier 'CONV_Image_Ready' is used before its declaration [E:/Accelerator/Accelerator_Test_Windows/Accelerator.srcs/sources_1/new/CNN_Accelerator.v:247]
WARNING: [VRFC 10-3380] identifier 'CONV_Start_Control' is used before its declaration [E:/Accelerator/Accelerator_Test_Windows/Accelerator.srcs/sources_1/new/CNN_Accelerator.v:251]
WARNING: [VRFC 10-3380] identifier 'CONV_Image_Ready' is used before its declaration [E:/Accelerator/Accelerator_Test_Windows/Accelerator.srcs/sources_1/new/CNN_Accelerator.v:252]
WARNING: [VRFC 10-3380] identifier 'CONV_Start_Control' is used before its declaration [E:/Accelerator/Accelerator_Test_Windows/Accelerator.srcs/sources_1/new/CNN_Accelerator.v:256]
WARNING: [VRFC 10-3380] identifier 'CONV_Finish' is used before its declaration [E:/Accelerator/Accelerator_Test_Windows/Accelerator.srcs/sources_1/new/CNN_Accelerator.v:257]
WARNING: [VRFC 10-3380] identifier 'CONV_Refresh' is used before its declaration [E:/Accelerator/Accelerator_Test_Windows/Accelerator.srcs/sources_1/new/CNN_Accelerator.v:277]
WARNING: [VRFC 10-3380] identifier 'CONV_Refresh' is used before its declaration [E:/Accelerator/Accelerator_Test_Windows/Accelerator.srcs/sources_1/new/CNN_Accelerator.v:281]
WARNING: [VRFC 10-3380] identifier 'CONV_Refresh' is used before its declaration [E:/Accelerator/Accelerator_Test_Windows/Accelerator.srcs/sources_1/new/CNN_Accelerator.v:283]
WARNING: [VRFC 10-3380] identifier 'POOL_Image_Ready' is used before its declaration [E:/Accelerator/Accelerator_Test_Windows/Accelerator.srcs/sources_1/new/CNN_Accelerator.v:298]
WARNING: [VRFC 10-3380] identifier 'FULLCON_Act_Ready' is used before its declaration [E:/Accelerator/Accelerator_Test_Windows/Accelerator.srcs/sources_1/new/CNN_Accelerator.v:300]
WARNING: [VRFC 10-3380] identifier 'RELU_Act' is used before its declaration [E:/Accelerator/Accelerator_Test_Windows/Accelerator.srcs/sources_1/new/CNN_Accelerator.v:332]
WARNING: [VRFC 10-3380] identifier 'RELU_Only_Act' is used before its declaration [E:/Accelerator/Accelerator_Test_Windows/Accelerator.srcs/sources_1/new/CNN_Accelerator.v:333]
WARNING: [VRFC 10-3380] identifier 'RELU_Valid' is used before its declaration [E:/Accelerator/Accelerator_Test_Windows/Accelerator.srcs/sources_1/new/CNN_Accelerator.v:334]
WARNING: [VRFC 10-3380] identifier 'RELU_Act' is used before its declaration [E:/Accelerator/Accelerator_Test_Windows/Accelerator.srcs/sources_1/new/CNN_Accelerator.v:338]
WARNING: [VRFC 10-3380] identifier 'RELU_Valid' is used before its declaration [E:/Accelerator/Accelerator_Test_Windows/Accelerator.srcs/sources_1/new/CNN_Accelerator.v:339]
WARNING: [VRFC 10-3380] identifier 'RELU_Only_Act' is used before its declaration [E:/Accelerator/Accelerator_Test_Windows/Accelerator.srcs/sources_1/new/CNN_Accelerator.v:342]
WARNING: [VRFC 10-3380] identifier 'RELU_Act' is used before its declaration [E:/Accelerator/Accelerator_Test_Windows/Accelerator.srcs/sources_1/new/CNN_Accelerator.v:343]
WARNING: [VRFC 10-3380] identifier 'RELU_Only_Valid' is used before its declaration [E:/Accelerator/Accelerator_Test_Windows/Accelerator.srcs/sources_1/new/CNN_Accelerator.v:345]
WARNING: [VRFC 10-3380] identifier 'RELU_Valid' is used before its declaration [E:/Accelerator/Accelerator_Test_Windows/Accelerator.srcs/sources_1/new/CNN_Accelerator.v:346]
WARNING: [VRFC 10-3380] identifier 'RELU_Act' is used before its declaration [E:/Accelerator/Accelerator_Test_Windows/Accelerator.srcs/sources_1/new/CNN_Accelerator.v:349]
WARNING: [VRFC 10-3380] identifier 'RELU_Valid' is used before its declaration [E:/Accelerator/Accelerator_Test_Windows/Accelerator.srcs/sources_1/new/CNN_Accelerator.v:350]
WARNING: [VRFC 10-3380] identifier 'RELU_Refresh' is used before its declaration [E:/Accelerator/Accelerator_Test_Windows/Accelerator.srcs/sources_1/new/CNN_Accelerator.v:360]
WARNING: [VRFC 10-3380] identifier 'RELU_Refresh' is used before its declaration [E:/Accelerator/Accelerator_Test_Windows/Accelerator.srcs/sources_1/new/CNN_Accelerator.v:364]
WARNING: [VRFC 10-3380] identifier 'RELU_Refresh' is used before its declaration [E:/Accelerator/Accelerator_Test_Windows/Accelerator.srcs/sources_1/new/CNN_Accelerator.v:366]
WARNING: [VRFC 10-3380] identifier 'RELU_In_Valid' is used before its declaration [E:/Accelerator/Accelerator_Test_Windows/Accelerator.srcs/sources_1/new/CNN_Accelerator.v:372]
WARNING: [VRFC 10-3380] identifier 'RELU_In_Valid' is used before its declaration [E:/Accelerator/Accelerator_Test_Windows/Accelerator.srcs/sources_1/new/CNN_Accelerator.v:375]
WARNING: [VRFC 10-3380] identifier 'RELU_Finish' is used before its declaration [E:/Accelerator/Accelerator_Test_Windows/Accelerator.srcs/sources_1/new/CNN_Accelerator.v:381]
WARNING: [VRFC 10-3380] identifier 'RELU_Finish' is used before its declaration [E:/Accelerator/Accelerator_Test_Windows/Accelerator.srcs/sources_1/new/CNN_Accelerator.v:385]
WARNING: [VRFC 10-3380] identifier 'RELU_Finish' is used before its declaration [E:/Accelerator/Accelerator_Test_Windows/Accelerator.srcs/sources_1/new/CNN_Accelerator.v:388]
WARNING: [VRFC 10-3380] identifier 'POOL_Start_Control' is used before its declaration [E:/Accelerator/Accelerator_Test_Windows/Accelerator.srcs/sources_1/new/CNN_Accelerator.v:427]
WARNING: [VRFC 10-3380] identifier 'POOL_Image_Ready' is used before its declaration [E:/Accelerator/Accelerator_Test_Windows/Accelerator.srcs/sources_1/new/CNN_Accelerator.v:428]
WARNING: [VRFC 10-3380] identifier 'POOL_Image_Ready' is used before its declaration [E:/Accelerator/Accelerator_Test_Windows/Accelerator.srcs/sources_1/new/CNN_Accelerator.v:433]
WARNING: [VRFC 10-3380] identifier 'POOL_Start_Control' is used before its declaration [E:/Accelerator/Accelerator_Test_Windows/Accelerator.srcs/sources_1/new/CNN_Accelerator.v:443]
WARNING: [VRFC 10-3380] identifier 'POOL_Start_Control' is used before its declaration [E:/Accelerator/Accelerator_Test_Windows/Accelerator.srcs/sources_1/new/CNN_Accelerator.v:450]
WARNING: [VRFC 10-3380] identifier 'POOL_Image_Ready' is used before its declaration [E:/Accelerator/Accelerator_Test_Windows/Accelerator.srcs/sources_1/new/CNN_Accelerator.v:451]
WARNING: [VRFC 10-3380] identifier 'POOL_Image_Ready' is used before its declaration [E:/Accelerator/Accelerator_Test_Windows/Accelerator.srcs/sources_1/new/CNN_Accelerator.v:454]
WARNING: [VRFC 10-3380] identifier 'POOL_Start_Control' is used before its declaration [E:/Accelerator/Accelerator_Test_Windows/Accelerator.srcs/sources_1/new/CNN_Accelerator.v:456]
WARNING: [VRFC 10-3380] identifier 'POOL_Finish' is used before its declaration [E:/Accelerator/Accelerator_Test_Windows/Accelerator.srcs/sources_1/new/CNN_Accelerator.v:459]
WARNING: [VRFC 10-3380] identifier 'POOL_Max_MeanValid' is used before its declaration [E:/Accelerator/Accelerator_Test_Windows/Accelerator.srcs/sources_1/new/CNN_Accelerator.v:476]
WARNING: [VRFC 10-3380] identifier 'POOL_Max_MeanValid' is used before its declaration [E:/Accelerator/Accelerator_Test_Windows/Accelerator.srcs/sources_1/new/CNN_Accelerator.v:480]
WARNING: [VRFC 10-3380] identifier 'POOL_Max_MeanValid' is used before its declaration [E:/Accelerator/Accelerator_Test_Windows/Accelerator.srcs/sources_1/new/CNN_Accelerator.v:483]
WARNING: [VRFC 10-3380] identifier 'POOL_Act' is used before its declaration [E:/Accelerator/Accelerator_Test_Windows/Accelerator.srcs/sources_1/new/CNN_Accelerator.v:492]
WARNING: [VRFC 10-3380] identifier 'POOL_Start_Control' is used before its declaration [E:/Accelerator/Accelerator_Test_Windows/Accelerator.srcs/sources_1/new/CNN_Accelerator.v:495]
WARNING: [VRFC 10-3380] identifier 'POOL_Act' is used before its declaration [E:/Accelerator/Accelerator_Test_Windows/Accelerator.srcs/sources_1/new/CNN_Accelerator.v:497]
WARNING: [VRFC 10-3380] identifier 'POOL_Act' is used before its declaration [E:/Accelerator/Accelerator_Test_Windows/Accelerator.srcs/sources_1/new/CNN_Accelerator.v:500]
WARNING: [VRFC 10-3380] identifier 'POOL_Refresh' is used before its declaration [E:/Accelerator/Accelerator_Test_Windows/Accelerator.srcs/sources_1/new/CNN_Accelerator.v:509]
WARNING: [VRFC 10-3380] identifier 'POOL_Refresh' is used before its declaration [E:/Accelerator/Accelerator_Test_Windows/Accelerator.srcs/sources_1/new/CNN_Accelerator.v:513]
WARNING: [VRFC 10-3380] identifier 'POOL_Refresh' is used before its declaration [E:/Accelerator/Accelerator_Test_Windows/Accelerator.srcs/sources_1/new/CNN_Accelerator.v:515]
WARNING: [VRFC 10-3380] identifier 'FULLCON_Act_Ready' is used before its declaration [E:/Accelerator/Accelerator_Test_Windows/Accelerator.srcs/sources_1/new/CNN_Accelerator.v:571]
WARNING: [VRFC 10-3380] identifier 'FULLCON_Weight_Ready' is used before its declaration [E:/Accelerator/Accelerator_Test_Windows/Accelerator.srcs/sources_1/new/CNN_Accelerator.v:572]
WARNING: [VRFC 10-3380] identifier 'FULLCON_Act_Ready' is used before its declaration [E:/Accelerator/Accelerator_Test_Windows/Accelerator.srcs/sources_1/new/CNN_Accelerator.v:592]
WARNING: [VRFC 10-3380] identifier 'FULLCON_Weight_Ready' is used before its declaration [E:/Accelerator/Accelerator_Test_Windows/Accelerator.srcs/sources_1/new/CNN_Accelerator.v:593]
WARNING: [VRFC 10-3380] identifier 'FULLCON_Act_Ready' is used before its declaration [E:/Accelerator/Accelerator_Test_Windows/Accelerator.srcs/sources_1/new/CNN_Accelerator.v:597]
WARNING: [VRFC 10-3380] identifier 'FULLCON_Weight_Ready' is used before its declaration [E:/Accelerator/Accelerator_Test_Windows/Accelerator.srcs/sources_1/new/CNN_Accelerator.v:598]
WARNING: [VRFC 10-3380] identifier 'FULLCON_Finish' is used before its declaration [E:/Accelerator/Accelerator_Test_Windows/Accelerator.srcs/sources_1/new/CNN_Accelerator.v:602]
WARNING: [VRFC 10-3380] identifier 'FULLCON_Act' is used before its declaration [E:/Accelerator/Accelerator_Test_Windows/Accelerator.srcs/sources_1/new/CNN_Accelerator.v:619]
WARNING: [VRFC 10-3380] identifier 'FULLCON_Weight' is used before its declaration [E:/Accelerator/Accelerator_Test_Windows/Accelerator.srcs/sources_1/new/CNN_Accelerator.v:620]
WARNING: [VRFC 10-3380] identifier 'FULLCON_Act' is used before its declaration [E:/Accelerator/Accelerator_Test_Windows/Accelerator.srcs/sources_1/new/CNN_Accelerator.v:625]
WARNING: [VRFC 10-3380] identifier 'FULLCON_Weight' is used before its declaration [E:/Accelerator/Accelerator_Test_Windows/Accelerator.srcs/sources_1/new/CNN_Accelerator.v:626]
WARNING: [VRFC 10-3380] identifier 'FULLCON_Act' is used before its declaration [E:/Accelerator/Accelerator_Test_Windows/Accelerator.srcs/sources_1/new/CNN_Accelerator.v:629]
WARNING: [VRFC 10-3380] identifier 'FULLCON_Weight' is used before its declaration [E:/Accelerator/Accelerator_Test_Windows/Accelerator.srcs/sources_1/new/CNN_Accelerator.v:630]
WARNING: [VRFC 10-3380] identifier 'FULLCON_Valid' is used before its declaration [E:/Accelerator/Accelerator_Test_Windows/Accelerator.srcs/sources_1/new/CNN_Accelerator.v:638]
WARNING: [VRFC 10-3380] identifier 'FULLCON_Valid' is used before its declaration [E:/Accelerator/Accelerator_Test_Windows/Accelerator.srcs/sources_1/new/CNN_Accelerator.v:643]
WARNING: [VRFC 10-3380] identifier 'FULLCON_Valid' is used before its declaration [E:/Accelerator/Accelerator_Test_Windows/Accelerator.srcs/sources_1/new/CNN_Accelerator.v:646]
WARNING: [VRFC 10-3380] identifier 'FULLCON_Valid' is used before its declaration [E:/Accelerator/Accelerator_Test_Windows/Accelerator.srcs/sources_1/new/CNN_Accelerator.v:652]
WARNING: [VRFC 10-3380] identifier 'FULLCON_Refresh' is used before its declaration [E:/Accelerator/Accelerator_Test_Windows/Accelerator.srcs/sources_1/new/CNN_Accelerator.v:656]
WARNING: [VRFC 10-3380] identifier 'FULLCON_Refresh' is used before its declaration [E:/Accelerator/Accelerator_Test_Windows/Accelerator.srcs/sources_1/new/CNN_Accelerator.v:660]
WARNING: [VRFC 10-3380] identifier 'FULLCON_Refresh' is used before its declaration [E:/Accelerator/Accelerator_Test_Windows/Accelerator.srcs/sources_1/new/CNN_Accelerator.v:662]
INFO: [VRFC 10-2263] Analyzing Verilog file "E:/Accelerator/Accelerator_Test_Windows/Accelerator.srcs/sources_1/new/Conv_Array_Control.v" into library xil_defaultlib
INFO: [VRFC 10-311] analyzing module Conv_Array_Control
INFO: [VRFC 10-2263] Analyzing Verilog file "E:/Accelerator/Accelerator_Test_Windows/Accelerator.srcs/sources_1/new/Conv_PE.v" into library xil_defaultlib
INFO: [VRFC 10-311] analyzing module Conv_PE
INFO: [VRFC 10-2263] Analyzing Verilog file "E:/Accelerator/Accelerator_Test_Windows/Accelerator.srcs/sources_1/new/Conv_SystolicArray.v" into library xil_defaultlib
INFO: [VRFC 10-311] analyzing module Conv_SystolicArray
INFO: [VRFC 10-2263] Analyzing Verilog file "E:/Accelerator/Accelerator_Test_Windows/Accelerator.srcs/sources_1/new/FullCon_PE.v" into library xil_defaultlib
INFO: [VRFC 10-311] analyzing module FullCon_PE
INFO: [VRFC 10-2263] Analyzing Verilog file "E:/Accelerator/Accelerator_Test_Windows/Accelerator.srcs/sources_1/new/FullCon_PE_Control.v" into library xil_defaultlib
INFO: [VRFC 10-311] analyzing module FullCon_PE_Control
INFO: [VRFC 10-2263] Analyzing Verilog file "E:/Accelerator/Accelerator_Test_Windows/Accelerator.srcs/sources_1/new/Pool_PE.v" into library xil_defaultlib
INFO: [VRFC 10-311] analyzing module Pool_PE
INFO: [VRFC 10-2263] Analyzing Verilog file "E:/Accelerator/Accelerator_Test_Windows/Accelerator.srcs/sources_1/new/Pooling_Array_Control.v" into library xil_defaultlib
INFO: [VRFC 10-311] analyzing module Pooling_Array_Control
WARNING: [VRFC 10-3380] identifier 'Pool_out_valid' is used before its declaration [E:/Accelerator/Accelerator_Test_Windows/Accelerator.srcs/sources_1/new/Pooling_Array_Control.v:62]
INFO: [VRFC 10-2263] Analyzing Verilog file "E:/Accelerator/Accelerator_Test_Windows/Accelerator.srcs/sources_1/new/Pooling_SystolicArray.v" into library xil_defaultlib
INFO: [VRFC 10-311] analyzing module Pooling_SystolicArray
WARNING: [VRFC 10-8332] begin/end is required for generate-for in this mode of Verilog [E:/Accelerator/Accelerator_Test_Windows/Accelerator.srcs/sources_1/new/Pooling_SystolicArray.v:59]
INFO: [VRFC 10-2263] Analyzing Verilog file "E:/Accelerator/Accelerator_Test_Windows/Accelerator.srcs/sources_1/new/Relu.v" into library xil_defaultlib
INFO: [VRFC 10-311] analyzing module Relu
INFO: [VRFC 10-2263] Analyzing Verilog file "E:/Accelerator/Accelerator_Test_Windows/Accelerator.srcs/sources_1/new/Relu_Array_Control.v" into library xil_defaultlib
INFO: [VRFC 10-311] analyzing module Relu_Array_Control
INFO: [VRFC 10-2263] Analyzing Verilog file "E:/Accelerator/Accelerator_Test_Windows/Accelerator.srcs/sources_1/imports/window_ip/Windows_Data_Convert_v1_0.v" into library xil_defaultlib
INFO: [VRFC 10-311] analyzing module Windows_Data_Convert_v1_0
INFO: [VRFC 10-2263] Analyzing Verilog file "E:/Accelerator/Accelerator_Test_Windows/Accelerator.srcs/sources_1/imports/window_ip/Windows_Data_Convert_v1_0_M00_AXIS.v" into library xil_defaultlib
INFO: [VRFC 10-311] analyzing module Windows_Data_Convert_v1_0_M00_AXIS
WARNING: [VRFC 10-8332] begin/end is required for generate-for in this mode of Verilog [E:/Accelerator/Accelerator_Test_Windows/Accelerator.srcs/sources_1/imports/window_ip/Windows_Data_Convert_v1_0_M00_AXIS.v:66]
INFO: [VRFC 10-2263] Analyzing Verilog file "E:/Accelerator/Accelerator_Test_Windows/Accelerator.srcs/sources_1/imports/window_ip/Windows_Data_Convert_v1_0_S00_AXIS.v" into library xil_defaultlib
INFO: [VRFC 10-311] analyzing module Windows_Data_Convert_v1_0_S00_AXIS
INFO: [VRFC 10-2263] Analyzing Verilog file "E:/Accelerator/Accelerator_Test_Windows/Accelerator.srcs/sources_1/imports/window_ip/Windows_Data_Convert_v1_0_S01_AXI.v" into library xil_defaultlib
INFO: [VRFC 10-311] analyzing module Windows_Data_Convert_v1_0_S01_AXI
INFO: [VRFC 10-2263] Analyzing Verilog file "E:/Accelerator/Accelerator_Test_Windows/Accelerator.srcs/sources_1/imports/window_ip/windows.v" into library xil_defaultlib
INFO: [VRFC 10-311] analyzing module windows
WARNING: [VRFC 10-2938] 'divider_out_valid' is already implicitly declared on line 112 [E:/Accelerator/Accelerator_Test_Windows/Accelerator.srcs/sources_1/imports/window_ip/windows.v:115]
WARNING: [VRFC 10-8332] begin/end is required for generate-for in this mode of Verilog [E:/Accelerator/Accelerator_Test_Windows/Accelerator.srcs/sources_1/imports/window_ip/windows.v:167]
INFO: [VRFC 10-2263] Analyzing Verilog file "E:/Accelerator/Accelerator_Test_Windows/Accelerator.srcs/sim_1/new/CNN_Accelerator_system_Test.v" into library xil_defaultlib
INFO: [VRFC 10-311] analyzing module CNN_Accelerator_system_Test
WARNING: [VRFC 10-2938] 'mlast' is already implicitly declared on line 183 [E:/Accelerator/Accelerator_Test_Windows/Accelerator.srcs/sim_1/new/CNN_Accelerator_system_Test.v:188]
WARNING: [VRFC 10-2938] 'mready' is already implicitly declared on line 184 [E:/Accelerator/Accelerator_Test_Windows/Accelerator.srcs/sim_1/new/CNN_Accelerator_system_Test.v:189]
WARNING: [VRFC 10-2938] 'mvalid' is already implicitly declared on line 179 [E:/Accelerator/Accelerator_Test_Windows/Accelerator.srcs/sim_1/new/CNN_Accelerator_system_Test.v:190]
WARNING: [VRFC 10-2938] 'mstrb' is already implicitly declared on line 181 [E:/Accelerator/Accelerator_Test_Windows/Accelerator.srcs/sim_1/new/CNN_Accelerator_system_Test.v:191]
WARNING: [VRFC 10-2938] 'mkeep' is already implicitly declared on line 182 [E:/Accelerator/Accelerator_Test_Windows/Accelerator.srcs/sim_1/new/CNN_Accelerator_system_Test.v:192]
WARNING: [VRFC 10-2938] 'moutdata' is already implicitly declared on line 180 [E:/Accelerator/Accelerator_Test_Windows/Accelerator.srcs/sim_1/new/CNN_Accelerator_system_Test.v:193]
WARNING: [VRFC 10-2938] 'plast' is already implicitly declared on line 173 [E:/Accelerator/Accelerator_Test_Windows/Accelerator.srcs/sim_1/new/CNN_Accelerator_system_Test.v:217]
WARNING: [VRFC 10-2938] 'pready' is already implicitly declared on line 170 [E:/Accelerator/Accelerator_Test_Windows/Accelerator.srcs/sim_1/new/CNN_Accelerator_system_Test.v:218]
WARNING: [VRFC 10-2938] 'pvalid' is already implicitly declared on line 174 [E:/Accelerator/Accelerator_Test_Windows/Accelerator.srcs/sim_1/new/CNN_Accelerator_system_Test.v:219]
WARNING: [VRFC 10-3248] data object 'mstrb' is already declared [E:/Accelerator/Accelerator_Test_Windows/Accelerator.srcs/sim_1/new/CNN_Accelerator_system_Test.v:221]
WARNING: [VRFC 10-9364] second declaration of 'mstrb' is ignored [E:/Accelerator/Accelerator_Test_Windows/Accelerator.srcs/sim_1/new/CNN_Accelerator_system_Test.v:221]
WARNING: [VRFC 10-2938] 'pdata' is already implicitly declared on line 171 [E:/Accelerator/Accelerator_Test_Windows/Accelerator.srcs/sim_1/new/CNN_Accelerator_system_Test.v:222]
WARNING: [VRFC 10-2938] 'm1_axis_tdata' is already implicitly declared on line 357 [E:/Accelerator/Accelerator_Test_Windows/Accelerator.srcs/sim_1/new/CNN_Accelerator_system_Test.v:385]
WARNING: [VRFC 10-2938] 'm1_axis_tlast' is already implicitly declared on line 355 [E:/Accelerator/Accelerator_Test_Windows/Accelerator.srcs/sim_1/new/CNN_Accelerator_system_Test.v:386]
WARNING: [VRFC 10-2938] 'm1_axis_tready' is already implicitly declared on line 356 [E:/Accelerator/Accelerator_Test_Windows/Accelerator.srcs/sim_1/new/CNN_Accelerator_system_Test.v:387]
WARNING: [VRFC 10-2938] 'm1_axis_tvalid' is already implicitly declared on line 354 [E:/Accelerator/Accelerator_Test_Windows/Accelerator.srcs/sim_1/new/CNN_Accelerator_system_Test.v:388]
WARNING: [VRFC 10-2938] 'kenerl_size' is already implicitly declared on line 340 [E:/Accelerator/Accelerator_Test_Windows/Accelerator.srcs/sim_1/new/CNN_Accelerator_system_Test.v:408]
WARNING: [VRFC 10-2938] 'm2_axis_tdata' is already implicitly declared on line 364 [E:/Accelerator/Accelerator_Test_Windows/Accelerator.srcs/sim_1/new/CNN_Accelerator_system_Test.v:497]
WARNING: [VRFC 10-2938] 'm2_axis_tlast' is already implicitly declared on line 362 [E:/Accelerator/Accelerator_Test_Windows/Accelerator.srcs/sim_1/new/CNN_Accelerator_system_Test.v:498]
WARNING: [VRFC 10-2938] 'm2_axis_tready' is already implicitly declared on line 363 [E:/Accelerator/Accelerator_Test_Windows/Accelerator.srcs/sim_1/new/CNN_Accelerator_system_Test.v:499]
WARNING: [VRFC 10-2938] 'm2_axis_tvalid' is already implicitly declared on line 361 [E:/Accelerator/Accelerator_Test_Windows/Accelerator.srcs/sim_1/new/CNN_Accelerator_system_Test.v:500]
WARNING: [VRFC 10-2938] 's3_axis_tdata' is already implicitly declared on line 370 [E:/Accelerator/Accelerator_Test_Windows/Accelerator.srcs/sim_1/new/CNN_Accelerator_system_Test.v:573]
WARNING: [VRFC 10-2938] 's3_axis_tlast' is already implicitly declared on line 373 [E:/Accelerator/Accelerator_Test_Windows/Accelerator.srcs/sim_1/new/CNN_Accelerator_system_Test.v:574]
WARNING: [VRFC 10-2938] 's3_axis_tready' is already implicitly declared on line 368 [E:/Accelerator/Accelerator_Test_Windows/Accelerator.srcs/sim_1/new/CNN_Accelerator_system_Test.v:575]
WARNING: [VRFC 10-2938] 's3_axis_tvalid' is already implicitly declared on line 369 [E:/Accelerator/Accelerator_Test_Windows/Accelerator.srcs/sim_1/new/CNN_Accelerator_system_Test.v:576]
WARNING: [VRFC 10-2938] 's3_axis_tstrb' is already implicitly declared on line 372 [E:/Accelerator/Accelerator_Test_Windows/Accelerator.srcs/sim_1/new/CNN_Accelerator_system_Test.v:577]
WARNING: [VRFC 10-2938] 's3_axis_tkeep' is already implicitly declared on line 371 [E:/Accelerator/Accelerator_Test_Windows/Accelerator.srcs/sim_1/new/CNN_Accelerator_system_Test.v:578]
WARNING: [VRFC 10-3380] identifier 'fp_2' is used before its declaration [E:/Accelerator/Accelerator_Test_Windows/Accelerator.srcs/sim_1/new/CNN_Accelerator_system_Test.v:243]
WARNING: [VRFC 10-3380] identifier 'fp_2' is used before its declaration [E:/Accelerator/Accelerator_Test_Windows/Accelerator.srcs/sim_1/new/CNN_Accelerator_system_Test.v:276]
WARNING: [VRFC 10-3380] identifier 'fp_2' is used before its declaration [E:/Accelerator/Accelerator_Test_Windows/Accelerator.srcs/sim_1/new/CNN_Accelerator_system_Test.v:286]
WARNING: [VRFC 10-3380] identifier 'fp_2' is used before its declaration [E:/Accelerator/Accelerator_Test_Windows/Accelerator.srcs/sim_1/new/CNN_Accelerator_system_Test.v:297]
WARNING: [VRFC 10-3380] identifier 'fp_1' is used before its declaration [E:/Accelerator/Accelerator_Test_Windows/Accelerator.srcs/sim_1/new/CNN_Accelerator_system_Test.v:412]
WARNING: [VRFC 10-3380] identifier 'fp_3' is used before its declaration [E:/Accelerator/Accelerator_Test_Windows/Accelerator.srcs/sim_1/new/CNN_Accelerator_system_Test.v:413]
